GAS LISTING C:\Users\anton\AppData\Local\Temp\ccALlsEa.s 			page 1


   1              		.file	"close.c"
   2              		.option nopic
   3              		.attribute arch, "rv32i2p0_m2p0_a2p0_c2p0"
   4              		.attribute unaligned_access, 0
   5              		.attribute stack_align, 16
   6              		.text
   7              	.Ltext0:
   8              		.cfi_sections	.debug_frame
   9              		.section	.text._close,"ax",@progbits
  10              		.align	1
  11              		.globl	_close
  13              	_close:
  14              	.LFB1:
  15              		.file 1 "C:/MinGW/toolchain-gd32v-win/firmware/RISCV/stubs/close.c"
   1:C:/MinGW/toolchain-gd32v-win/firmware/RISCV/stubs\close.c **** /* See LICENSE of license details. */
   2:C:/MinGW/toolchain-gd32v-win/firmware/RISCV/stubs\close.c **** 
   3:C:/MinGW/toolchain-gd32v-win/firmware/RISCV/stubs\close.c **** #include <errno.h>
   4:C:/MinGW/toolchain-gd32v-win/firmware/RISCV/stubs\close.c **** #include "stub.h"
   5:C:/MinGW/toolchain-gd32v-win/firmware/RISCV/stubs\close.c **** 
   6:C:/MinGW/toolchain-gd32v-win/firmware/RISCV/stubs\close.c **** int _close(int fd)
   7:C:/MinGW/toolchain-gd32v-win/firmware/RISCV/stubs\close.c **** {
  16              		.loc 1 7 1
  17              		.cfi_startproc
  18              	.LVL0:
   8:C:/MinGW/toolchain-gd32v-win/firmware/RISCV/stubs\close.c ****   return _stub(EBADF);
  19              		.loc 1 8 3
  20              		.file 2 "C:/MinGW/toolchain-gd32v-win/firmware/RISCV/stubs/stub.h"
   1:C:/MinGW/toolchain-gd32v-win/firmware/RISCV/stubs\stub.h **** /* See LICENSE of license details. */
   2:C:/MinGW/toolchain-gd32v-win/firmware/RISCV/stubs\stub.h **** #ifndef _NUCLEI_SYS_STUB_H
   3:C:/MinGW/toolchain-gd32v-win/firmware/RISCV/stubs\stub.h **** #define _NUCLEI_SYS_STUB_H
   4:C:/MinGW/toolchain-gd32v-win/firmware/RISCV/stubs\stub.h **** 
   5:C:/MinGW/toolchain-gd32v-win/firmware/RISCV/stubs\stub.h **** #include <stdint.h>
   6:C:/MinGW/toolchain-gd32v-win/firmware/RISCV/stubs\stub.h **** #if   defined (__GNUC__)
   7:C:/MinGW/toolchain-gd32v-win/firmware/RISCV/stubs\stub.h **** #include <unistd.h>
   8:C:/MinGW/toolchain-gd32v-win/firmware/RISCV/stubs\stub.h **** #endif
   9:C:/MinGW/toolchain-gd32v-win/firmware/RISCV/stubs\stub.h **** 
  10:C:/MinGW/toolchain-gd32v-win/firmware/RISCV/stubs\stub.h **** void write_hex(int fd, unsigned long int hex);
  11:C:/MinGW/toolchain-gd32v-win/firmware/RISCV/stubs\stub.h **** 
  12:C:/MinGW/toolchain-gd32v-win/firmware/RISCV/stubs\stub.h **** static inline int _stub(int err)
  13:C:/MinGW/toolchain-gd32v-win/firmware/RISCV/stubs\stub.h **** {
  14:C:/MinGW/toolchain-gd32v-win/firmware/RISCV/stubs\stub.h ****   return -1;
  21              		.loc 2 14 3
   9:C:/MinGW/toolchain-gd32v-win/firmware/RISCV/stubs\close.c **** }
  22              		.loc 1 9 1 is_stmt 0
  23 0000 7D55     		li	a0,-1
  24              	.LVL1:
  25 0002 8280     		ret
  26              		.cfi_endproc
  27              	.LFE1:
  29              		.text
  30              	.Letext0:
  31              		.file 3 "c:\\mingw\\toolchain-gd32v-win\\compiler\\lib\\gcc\\riscv64-unknown-elf\\8.3.0\\include\\
  32              		.file 4 "c:\\mingw\\toolchain-gd32v-win\\compiler\\riscv64-unknown-elf\\include\\sys\\_types.h"
  33              		.file 5 "c:\\mingw\\toolchain-gd32v-win\\compiler\\riscv64-unknown-elf\\include\\sys\\reent.h"
  34              		.file 6 "c:\\mingw\\toolchain-gd32v-win\\compiler\\riscv64-unknown-elf\\include\\sys\\lock.h"
  35              		.file 7 "c:\\mingw\\toolchain-gd32v-win\\compiler\\riscv64-unknown-elf\\include\\sys\\errno.h"
  36              		.file 8 "c:\\mingw\\toolchain-gd32v-win\\compiler\\riscv64-unknown-elf\\include\\sys\\unistd.h"
GAS LISTING C:\Users\anton\AppData\Local\Temp\ccALlsEa.s 			page 2


GAS LISTING C:\Users\anton\AppData\Local\Temp\ccALlsEa.s 			page 3


DEFINED SYMBOLS
                            *ABS*:0000000000000000 close.c
C:\Users\anton\AppData\Local\Temp\ccALlsEa.s:13     .text._close:0000000000000000 _close
C:\Users\anton\AppData\Local\Temp\ccALlsEa.s:17     .text._close:0000000000000000 .L0 
C:\Users\anton\AppData\Local\Temp\ccALlsEa.s:19     .text._close:0000000000000000 .L0 
C:\Users\anton\AppData\Local\Temp\ccALlsEa.s:21     .text._close:0000000000000000 .L0 
C:\Users\anton\AppData\Local\Temp\ccALlsEa.s:22     .text._close:0000000000000000 .L0 
C:\Users\anton\AppData\Local\Temp\ccALlsEa.s:23     .text._close:0000000000000000 .L0 
C:\Users\anton\AppData\Local\Temp\ccALlsEa.s:26     .text._close:0000000000000004 .L0 
C:\Users\anton\AppData\Local\Temp\ccALlsEa.s:29     .text._close:0000000000000004 .L0 
                     .debug_frame:0000000000000000 .L0 
C:\Users\anton\AppData\Local\Temp\ccALlsEa.s:1540   .debug_abbrev:0000000000000000 .Ldebug_abbrev0
C:\Users\anton\AppData\Local\Temp\ccALlsEa.s:2206   .debug_str:0000000000000313 .LASF128
C:\Users\anton\AppData\Local\Temp\ccALlsEa.s:2116   .debug_str:00000000000000fe .LASF129
C:\Users\anton\AppData\Local\Temp\ccALlsEa.s:2188   .debug_str:000000000000027f .LASF130
C:\Users\anton\AppData\Local\Temp\ccALlsEa.s:2060   .debug_ranges:0000000000000000 .Ldebug_ranges0
C:\Users\anton\AppData\Local\Temp\ccALlsEa.s:2066   .debug_line:0000000000000000 .Ldebug_line0
C:\Users\anton\AppData\Local\Temp\ccALlsEa.s:2154   .debug_str:00000000000001dc .LASF0
C:\Users\anton\AppData\Local\Temp\ccALlsEa.s:2096   .debug_str:00000000000000a2 .LASF1
C:\Users\anton\AppData\Local\Temp\ccALlsEa.s:2200   .debug_str:00000000000002f9 .LASF2
C:\Users\anton\AppData\Local\Temp\ccALlsEa.s:2182   .debug_str:000000000000026a .LASF10
C:\Users\anton\AppData\Local\Temp\ccALlsEa.s:2098   .debug_str:00000000000000b0 .LASF3
C:\Users\anton\AppData\Local\Temp\ccALlsEa.s:2220   .debug_str:00000000000003cc .LASF4
C:\Users\anton\AppData\Local\Temp\ccALlsEa.s:2226   .debug_str:00000000000003e8 .LASF5
C:\Users\anton\AppData\Local\Temp\ccALlsEa.s:2168   .debug_str:000000000000021f .LASF6
C:\Users\anton\AppData\Local\Temp\ccALlsEa.s:2114   .debug_str:00000000000000f5 .LASF7
C:\Users\anton\AppData\Local\Temp\ccALlsEa.s:2162   .debug_str:0000000000000200 .LASF8
C:\Users\anton\AppData\Local\Temp\ccALlsEa.s:2082   .debug_str:000000000000004b .LASF9
C:\Users\anton\AppData\Local\Temp\ccALlsEa.s:2214   .debug_str:00000000000003a9 .LASF11
C:\Users\anton\AppData\Local\Temp\ccALlsEa.s:2272   .debug_str:00000000000004ba .LASF12
C:\Users\anton\AppData\Local\Temp\ccALlsEa.s:2308   .debug_str:0000000000000556 .LASF13
C:\Users\anton\AppData\Local\Temp\ccALlsEa.s:2178   .debug_str:000000000000025c .LASF14
C:\Users\anton\AppData\Local\Temp\ccALlsEa.s:2156   .debug_str:00000000000001e9 .LASF15
C:\Users\anton\AppData\Local\Temp\ccALlsEa.s:2264   .debug_str:0000000000000498 .LASF16
C:\Users\anton\AppData\Local\Temp\ccALlsEa.s:2266   .debug_str:00000000000004a0 .LASF17
C:\Users\anton\AppData\Local\Temp\ccALlsEa.s:2236   .debug_str:0000000000000410 .LASF18
C:\Users\anton\AppData\Local\Temp\ccALlsEa.s:2292   .debug_str:0000000000000505 .LASF19
C:\Users\anton\AppData\Local\Temp\ccALlsEa.s:2218   .debug_str:00000000000003ba .LASF20
C:\Users\anton\AppData\Local\Temp\ccALlsEa.s:2140   .debug_str:000000000000019f .LASF21
C:\Users\anton\AppData\Local\Temp\ccALlsEa.s:2144   .debug_str:00000000000001b0 .LASF26
C:\Users\anton\AppData\Local\Temp\ccALlsEa.s:2284   .debug_str:00000000000004e4 .LASF22
C:\Users\anton\AppData\Local\Temp\ccALlsEa.s:2258   .debug_str:0000000000000483 .LASF23
C:\Users\anton\AppData\Local\Temp\ccALlsEa.s:2138   .debug_str:0000000000000199 .LASF24
C:\Users\anton\AppData\Local\Temp\ccALlsEa.s:2300   .debug_str:000000000000053a .LASF25
C:\Users\anton\AppData\Local\Temp\ccALlsEa.s:2152   .debug_str:00000000000001d7 .LASF27
C:\Users\anton\AppData\Local\Temp\ccALlsEa.s:2094   .debug_str:0000000000000099 .LASF28
C:\Users\anton\AppData\Local\Temp\ccALlsEa.s:2278   .debug_str:00000000000004ce .LASF29
C:\Users\anton\AppData\Local\Temp\ccALlsEa.s:2104   .debug_str:00000000000000c8 .LASF30
C:\Users\anton\AppData\Local\Temp\ccALlsEa.s:2332   .debug_str:00000000000005c1 .LASF31
C:\Users\anton\AppData\Local\Temp\ccALlsEa.s:2208   .debug_str:000000000000038d .LASF32
C:\Users\anton\AppData\Local\Temp\ccALlsEa.s:2194   .debug_str:00000000000002df .LASF33
C:\Users\anton\AppData\Local\Temp\ccALlsEa.s:2302   .debug_str:000000000000053f .LASF34
C:\Users\anton\AppData\Local\Temp\ccALlsEa.s:2228   .debug_str:00000000000003f2 .LASF35
C:\Users\anton\AppData\Local\Temp\ccALlsEa.s:2318   .debug_str:0000000000000581 .LASF36
C:\Users\anton\AppData\Local\Temp\ccALlsEa.s:2108   .debug_str:00000000000000d7 .LASF37
C:\Users\anton\AppData\Local\Temp\ccALlsEa.s:2134   .debug_str:000000000000018c .LASF38
C:\Users\anton\AppData\Local\Temp\ccALlsEa.s:2068   .debug_str:0000000000000000 .LASF39
GAS LISTING C:\Users\anton\AppData\Local\Temp\ccALlsEa.s 			page 4


C:\Users\anton\AppData\Local\Temp\ccALlsEa.s:2288   .debug_str:00000000000004f7 .LASF40
C:\Users\anton\AppData\Local\Temp\ccALlsEa.s:2118   .debug_str:0000000000000138 .LASF41
C:\Users\anton\AppData\Local\Temp\ccALlsEa.s:2210   .debug_str:0000000000000396 .LASF42
C:\Users\anton\AppData\Local\Temp\ccALlsEa.s:2250   .debug_str:0000000000000453 .LASF43
C:\Users\anton\AppData\Local\Temp\ccALlsEa.s:2136   .debug_str:0000000000000194 .LASF44
C:\Users\anton\AppData\Local\Temp\ccALlsEa.s:2230   .debug_str:00000000000003fc .LASF45
C:\Users\anton\AppData\Local\Temp\ccALlsEa.s:2102   .debug_str:00000000000000c2 .LASF46
C:\Users\anton\AppData\Local\Temp\ccALlsEa.s:2070   .debug_str:000000000000000c .LASF47
C:\Users\anton\AppData\Local\Temp\ccALlsEa.s:2238   .debug_str:000000000000041b .LASF48
C:\Users\anton\AppData\Local\Temp\ccALlsEa.s:2306   .debug_str:000000000000054f .LASF49
C:\Users\anton\AppData\Local\Temp\ccALlsEa.s:2164   .debug_str:0000000000000212 .LASF50
C:\Users\anton\AppData\Local\Temp\ccALlsEa.s:2084   .debug_str:0000000000000062 .LASF51
C:\Users\anton\AppData\Local\Temp\ccALlsEa.s:2110   .debug_str:00000000000000e5 .LASF52
C:\Users\anton\AppData\Local\Temp\ccALlsEa.s:2148   .debug_str:00000000000001c7 .LASF53
C:\Users\anton\AppData\Local\Temp\ccALlsEa.s:2192   .debug_str:00000000000002d8 .LASF54
C:\Users\anton\AppData\Local\Temp\ccALlsEa.s:2268   .debug_str:00000000000004a8 .LASF55
C:\Users\anton\AppData\Local\Temp\ccALlsEa.s:2322   .debug_str:000000000000059b .LASF56
C:\Users\anton\AppData\Local\Temp\ccALlsEa.s:2100   .debug_str:00000000000000bc .LASF57
C:\Users\anton\AppData\Local\Temp\ccALlsEa.s:2314   .debug_str:0000000000000573 .LASF58
C:\Users\anton\AppData\Local\Temp\ccALlsEa.s:2122   .debug_str:0000000000000147 .LASF59
C:\Users\anton\AppData\Local\Temp\ccALlsEa.s:2128   .debug_str:0000000000000165 .LASF60
C:\Users\anton\AppData\Local\Temp\ccALlsEa.s:2076   .debug_str:0000000000000025 .LASF61
C:\Users\anton\AppData\Local\Temp\ccALlsEa.s:2184   .debug_str:0000000000000271 .LASF62
C:\Users\anton\AppData\Local\Temp\ccALlsEa.s:2242   .debug_str:000000000000042d .LASF63
C:\Users\anton\AppData\Local\Temp\ccALlsEa.s:2186   .debug_str:0000000000000277 .LASF64
C:\Users\anton\AppData\Local\Temp\ccALlsEa.s:2260   .debug_str:000000000000048b .LASF65
C:\Users\anton\AppData\Local\Temp\ccALlsEa.s:2274   .debug_str:00000000000004c2 .LASF66
C:\Users\anton\AppData\Local\Temp\ccALlsEa.s:2120   .debug_str:0000000000000140 .LASF67
C:\Users\anton\AppData\Local\Temp\ccALlsEa.s:2158   .debug_str:00000000000001f0 .LASF68
C:\Users\anton\AppData\Local\Temp\ccALlsEa.s:2142   .debug_str:00000000000001a8 .LASF69
C:\Users\anton\AppData\Local\Temp\ccALlsEa.s:2248   .debug_str:000000000000044e .LASF70
C:\Users\anton\AppData\Local\Temp\ccALlsEa.s:2074   .debug_str:000000000000001a .LASF71
C:\Users\anton\AppData\Local\Temp\ccALlsEa.s:2256   .debug_str:000000000000046a .LASF72
C:\Users\anton\AppData\Local\Temp\ccALlsEa.s:2252   .debug_str:0000000000000458 .LASF73
C:\Users\anton\AppData\Local\Temp\ccALlsEa.s:2212   .debug_str:000000000000039e .LASF74
C:\Users\anton\AppData\Local\Temp\ccALlsEa.s:2254   .debug_str:0000000000000460 .LASF75
C:\Users\anton\AppData\Local\Temp\ccALlsEa.s:2176   .debug_str:0000000000000254 .LASF76
C:\Users\anton\AppData\Local\Temp\ccALlsEa.s:2150   .debug_str:00000000000001cd .LASF77
C:\Users\anton\AppData\Local\Temp\ccALlsEa.s:2330   .debug_str:00000000000005bc .LASF78
C:\Users\anton\AppData\Local\Temp\ccALlsEa.s:2216   .debug_str:00000000000003b0 .LASF79
C:\Users\anton\AppData\Local\Temp\ccALlsEa.s:2160   .debug_str:00000000000001f8 .LASF80
C:\Users\anton\AppData\Local\Temp\ccALlsEa.s:2126   .debug_str:000000000000015d .LASF81
C:\Users\anton\AppData\Local\Temp\ccALlsEa.s:2222   .debug_str:00000000000003da .LASF82
C:\Users\anton\AppData\Local\Temp\ccALlsEa.s:2170   .debug_str:0000000000000232 .LASF83
C:\Users\anton\AppData\Local\Temp\ccALlsEa.s:2312   .debug_str:0000000000000569 .LASF84
C:\Users\anton\AppData\Local\Temp\ccALlsEa.s:2112   .debug_str:00000000000000ed .LASF85
C:\Users\anton\AppData\Local\Temp\ccALlsEa.s:2106   .debug_str:00000000000000d2 .LASF86
C:\Users\anton\AppData\Local\Temp\ccALlsEa.s:2276   .debug_str:00000000000004c9 .LASF87
C:\Users\anton\AppData\Local\Temp\ccALlsEa.s:2234   .debug_str:0000000000000409 .LASF88
C:\Users\anton\AppData\Local\Temp\ccALlsEa.s:2304   .debug_str:0000000000000549 .LASF89
C:\Users\anton\AppData\Local\Temp\ccALlsEa.s:2166   .debug_str:0000000000000218 .LASF90
C:\Users\anton\AppData\Local\Temp\ccALlsEa.s:2232   .debug_str:0000000000000403 .LASF91
C:\Users\anton\AppData\Local\Temp\ccALlsEa.s:2072   .debug_str:0000000000000012 .LASF92
C:\Users\anton\AppData\Local\Temp\ccALlsEa.s:2262   .debug_str:0000000000000492 .LASF93
C:\Users\anton\AppData\Local\Temp\ccALlsEa.s:2282   .debug_str:00000000000004de .LASF94
C:\Users\anton\AppData\Local\Temp\ccALlsEa.s:2290   .debug_str:0000000000000500 .LASF95
C:\Users\anton\AppData\Local\Temp\ccALlsEa.s:2298   .debug_str:000000000000052d .LASF96
GAS LISTING C:\Users\anton\AppData\Local\Temp\ccALlsEa.s 			page 5


C:\Users\anton\AppData\Local\Temp\ccALlsEa.s:2286   .debug_str:00000000000004ea .LASF97
C:\Users\anton\AppData\Local\Temp\ccALlsEa.s:2174   .debug_str:0000000000000247 .LASF98
C:\Users\anton\AppData\Local\Temp\ccALlsEa.s:2320   .debug_str:000000000000058c .LASF99
C:\Users\anton\AppData\Local\Temp\ccALlsEa.s:2146   .debug_str:00000000000001b8 .LASF100
C:\Users\anton\AppData\Local\Temp\ccALlsEa.s:2244   .debug_str:0000000000000436 .LASF101
C:\Users\anton\AppData\Local\Temp\ccALlsEa.s:2324   .debug_str:00000000000005a2 .LASF102
C:\Users\anton\AppData\Local\Temp\ccALlsEa.s:2246   .debug_str:0000000000000441 .LASF103
C:\Users\anton\AppData\Local\Temp\ccALlsEa.s:2328   .debug_str:00000000000005ae .LASF104
C:\Users\anton\AppData\Local\Temp\ccALlsEa.s:2092   .debug_str:000000000000008b .LASF105
C:\Users\anton\AppData\Local\Temp\ccALlsEa.s:2310   .debug_str:000000000000055f .LASF106
C:\Users\anton\AppData\Local\Temp\ccALlsEa.s:2172   .debug_str:000000000000023b .LASF107
C:\Users\anton\AppData\Local\Temp\ccALlsEa.s:2294   .debug_str:000000000000050d .LASF108
C:\Users\anton\AppData\Local\Temp\ccALlsEa.s:2132   .debug_str:000000000000017e .LASF109
C:\Users\anton\AppData\Local\Temp\ccALlsEa.s:2090   .debug_str:000000000000007c .LASF110
C:\Users\anton\AppData\Local\Temp\ccALlsEa.s:2130   .debug_str:000000000000016d .LASF111
C:\Users\anton\AppData\Local\Temp\ccALlsEa.s:2078   .debug_str:000000000000002b .LASF112
C:\Users\anton\AppData\Local\Temp\ccALlsEa.s:2080   .debug_str:000000000000003a .LASF113
C:\Users\anton\AppData\Local\Temp\ccALlsEa.s:2224   .debug_str:00000000000003df .LASF114
C:\Users\anton\AppData\Local\Temp\ccALlsEa.s:2204   .debug_str:000000000000030c .LASF115
C:\Users\anton\AppData\Local\Temp\ccALlsEa.s:2196   .debug_str:00000000000002e9 .LASF116
C:\Users\anton\AppData\Local\Temp\ccALlsEa.s:2316   .debug_str:0000000000000579 .LASF117
C:\Users\anton\AppData\Local\Temp\ccALlsEa.s:2086   .debug_str:000000000000006b .LASF131
C:\Users\anton\AppData\Local\Temp\ccALlsEa.s:2270   .debug_str:00000000000004ae .LASF118
C:\Users\anton\AppData\Local\Temp\ccALlsEa.s:2296   .debug_str:000000000000051a .LASF119
C:\Users\anton\AppData\Local\Temp\ccALlsEa.s:2124   .debug_str:0000000000000150 .LASF120
C:\Users\anton\AppData\Local\Temp\ccALlsEa.s:2240   .debug_str:0000000000000423 .LASF121
C:\Users\anton\AppData\Local\Temp\ccALlsEa.s:2180   .debug_str:0000000000000262 .LASF122
C:\Users\anton\AppData\Local\Temp\ccALlsEa.s:2198   .debug_str:00000000000002f2 .LASF123
C:\Users\anton\AppData\Local\Temp\ccALlsEa.s:2202   .debug_str:0000000000000305 .LASF124
C:\Users\anton\AppData\Local\Temp\ccALlsEa.s:2280   .debug_str:00000000000004d7 .LASF125
C:\Users\anton\AppData\Local\Temp\ccALlsEa.s:2326   .debug_str:00000000000005a7 .LASF126
C:\Users\anton\AppData\Local\Temp\ccALlsEa.s:2190   .debug_str:00000000000002cf .LASF127
C:\Users\anton\AppData\Local\Temp\ccALlsEa.s:14     .text._close:0000000000000000 .LFB1
C:\Users\anton\AppData\Local\Temp\ccALlsEa.s:27     .text._close:0000000000000004 .LFE1
C:\Users\anton\AppData\Local\Temp\ccALlsEa.s:2033   .debug_loc:0000000000000000 .LLST0
C:\Users\anton\AppData\Local\Temp\ccALlsEa.s:2088   .debug_str:0000000000000076 .LASF132
C:\Users\anton\AppData\Local\Temp\ccALlsEa.s:18     .text._close:0000000000000000 .LVL0
C:\Users\anton\AppData\Local\Temp\ccALlsEa.s:24     .text._close:0000000000000002 .LVL1
C:\Users\anton\AppData\Local\Temp\ccALlsEa.s:38     .debug_info:0000000000000000 .Ldebug_info0

NO UNDEFINED SYMBOLS
