GAS LISTING C:\Users\anton\AppData\Local\Temp\ccIjICAh.s 			page 1


   1              		.file	"gd32vf103_eclic.c"
   2              		.option nopic
   3              		.attribute arch, "rv32i2p0_m2p0_a2p0_c2p0"
   4              		.attribute unaligned_access, 0
   5              		.attribute stack_align, 16
   6              		.text
   7              	.Ltext0:
   8              		.cfi_sections	.debug_frame
   9              		.section	.text.eclic_global_interrupt_enable,"ax",@progbits
  10              		.align	1
  11              		.globl	eclic_global_interrupt_enable
  13              	eclic_global_interrupt_enable:
  14              	.LFB2:
  15              		.file 1 "C:/MinGW/toolchain-gd32v-win/firmware/GD32VF103_standard_peripheral/Source/gd32vf103_ecli
   1:C:/MinGW/toolchain-gd32v-win/firmware/GD32VF103_standard_peripheral/Source\gd32vf103_eclic.c **** /*!
   2:C:/MinGW/toolchain-gd32v-win/firmware/GD32VF103_standard_peripheral/Source\gd32vf103_eclic.c ****     \file    gd32vf103_eclic.c
   3:C:/MinGW/toolchain-gd32v-win/firmware/GD32VF103_standard_peripheral/Source\gd32vf103_eclic.c ****     \brief   ECLIC(Enhancement Core-Local Interrupt Controller) driver
   4:C:/MinGW/toolchain-gd32v-win/firmware/GD32VF103_standard_peripheral/Source\gd32vf103_eclic.c **** 
   5:C:/MinGW/toolchain-gd32v-win/firmware/GD32VF103_standard_peripheral/Source\gd32vf103_eclic.c ****     \version 2019-06-05, V1.0.0, firmware for GD32VF103
   6:C:/MinGW/toolchain-gd32v-win/firmware/GD32VF103_standard_peripheral/Source\gd32vf103_eclic.c ****     \version 2020-08-04, V1.1.0, firmware for GD32VF103
   7:C:/MinGW/toolchain-gd32v-win/firmware/GD32VF103_standard_peripheral/Source\gd32vf103_eclic.c **** */
   8:C:/MinGW/toolchain-gd32v-win/firmware/GD32VF103_standard_peripheral/Source\gd32vf103_eclic.c **** 
   9:C:/MinGW/toolchain-gd32v-win/firmware/GD32VF103_standard_peripheral/Source\gd32vf103_eclic.c **** /*
  10:C:/MinGW/toolchain-gd32v-win/firmware/GD32VF103_standard_peripheral/Source\gd32vf103_eclic.c ****     Copyright (c) 2020, GigaDevice Semiconductor Inc.
  11:C:/MinGW/toolchain-gd32v-win/firmware/GD32VF103_standard_peripheral/Source\gd32vf103_eclic.c **** 
  12:C:/MinGW/toolchain-gd32v-win/firmware/GD32VF103_standard_peripheral/Source\gd32vf103_eclic.c ****     Redistribution and use in source and binary forms, with or without modification,
  13:C:/MinGW/toolchain-gd32v-win/firmware/GD32VF103_standard_peripheral/Source\gd32vf103_eclic.c **** are permitted provided that the following conditions are met:
  14:C:/MinGW/toolchain-gd32v-win/firmware/GD32VF103_standard_peripheral/Source\gd32vf103_eclic.c **** 
  15:C:/MinGW/toolchain-gd32v-win/firmware/GD32VF103_standard_peripheral/Source\gd32vf103_eclic.c ****     1. Redistributions of source code must retain the above copyright notice, this
  16:C:/MinGW/toolchain-gd32v-win/firmware/GD32VF103_standard_peripheral/Source\gd32vf103_eclic.c ****        list of conditions and the following disclaimer.
  17:C:/MinGW/toolchain-gd32v-win/firmware/GD32VF103_standard_peripheral/Source\gd32vf103_eclic.c ****     2. Redistributions in binary form must reproduce the above copyright notice,
  18:C:/MinGW/toolchain-gd32v-win/firmware/GD32VF103_standard_peripheral/Source\gd32vf103_eclic.c ****        this list of conditions and the following disclaimer in the documentation
  19:C:/MinGW/toolchain-gd32v-win/firmware/GD32VF103_standard_peripheral/Source\gd32vf103_eclic.c ****        and/or other materials provided with the distribution.
  20:C:/MinGW/toolchain-gd32v-win/firmware/GD32VF103_standard_peripheral/Source\gd32vf103_eclic.c ****     3. Neither the name of the copyright holder nor the names of its contributors
  21:C:/MinGW/toolchain-gd32v-win/firmware/GD32VF103_standard_peripheral/Source\gd32vf103_eclic.c ****        may be used to endorse or promote products derived from this software without
  22:C:/MinGW/toolchain-gd32v-win/firmware/GD32VF103_standard_peripheral/Source\gd32vf103_eclic.c ****        specific prior written permission.
  23:C:/MinGW/toolchain-gd32v-win/firmware/GD32VF103_standard_peripheral/Source\gd32vf103_eclic.c **** 
  24:C:/MinGW/toolchain-gd32v-win/firmware/GD32VF103_standard_peripheral/Source\gd32vf103_eclic.c ****     THIS SOFTWARE IS PROVIDED BY THE COPYRIGHT HOLDERS AND CONTRIBUTORS "AS IS"
  25:C:/MinGW/toolchain-gd32v-win/firmware/GD32VF103_standard_peripheral/Source\gd32vf103_eclic.c **** AND ANY EXPRESS OR IMPLIED WARRANTIES, INCLUDING, BUT NOT LIMITED TO, THE IMPLIED
  26:C:/MinGW/toolchain-gd32v-win/firmware/GD32VF103_standard_peripheral/Source\gd32vf103_eclic.c **** WARRANTIES OF MERCHANTABILITY AND FITNESS FOR A PARTICULAR PURPOSE ARE DISCLAIMED.
  27:C:/MinGW/toolchain-gd32v-win/firmware/GD32VF103_standard_peripheral/Source\gd32vf103_eclic.c **** IN NO EVENT SHALL THE COPYRIGHT HOLDER OR CONTRIBUTORS BE LIABLE FOR ANY DIRECT,
  28:C:/MinGW/toolchain-gd32v-win/firmware/GD32VF103_standard_peripheral/Source\gd32vf103_eclic.c **** INDIRECT, INCIDENTAL, SPECIAL, EXEMPLARY, OR CONSEQUENTIAL DAMAGES (INCLUDING, BUT
  29:C:/MinGW/toolchain-gd32v-win/firmware/GD32VF103_standard_peripheral/Source\gd32vf103_eclic.c **** NOT LIMITED TO, PROCUREMENT OF SUBSTITUTE GOODS OR SERVICES; LOSS OF USE, DATA, OR
  30:C:/MinGW/toolchain-gd32v-win/firmware/GD32VF103_standard_peripheral/Source\gd32vf103_eclic.c **** PROFITS; OR BUSINESS INTERRUPTION) HOWEVER CAUSED AND ON ANY THEORY OF LIABILITY,
  31:C:/MinGW/toolchain-gd32v-win/firmware/GD32VF103_standard_peripheral/Source\gd32vf103_eclic.c **** WHETHER IN CONTRACT, STRICT LIABILITY, OR TORT (INCLUDING NEGLIGENCE OR OTHERWISE)
  32:C:/MinGW/toolchain-gd32v-win/firmware/GD32VF103_standard_peripheral/Source\gd32vf103_eclic.c **** ARISING IN ANY WAY OUT OF THE USE OF THIS SOFTWARE, EVEN IF ADVISED OF THE POSSIBILITY
  33:C:/MinGW/toolchain-gd32v-win/firmware/GD32VF103_standard_peripheral/Source\gd32vf103_eclic.c **** OF SUCH DAMAGE.
  34:C:/MinGW/toolchain-gd32v-win/firmware/GD32VF103_standard_peripheral/Source\gd32vf103_eclic.c **** */
  35:C:/MinGW/toolchain-gd32v-win/firmware/GD32VF103_standard_peripheral/Source\gd32vf103_eclic.c **** 
  36:C:/MinGW/toolchain-gd32v-win/firmware/GD32VF103_standard_peripheral/Source\gd32vf103_eclic.c **** #include "gd32vf103_eclic.h"
  37:C:/MinGW/toolchain-gd32v-win/firmware/GD32VF103_standard_peripheral/Source\gd32vf103_eclic.c **** #include "riscv_encoding.h"
  38:C:/MinGW/toolchain-gd32v-win/firmware/GD32VF103_standard_peripheral/Source\gd32vf103_eclic.c **** 
  39:C:/MinGW/toolchain-gd32v-win/firmware/GD32VF103_standard_peripheral/Source\gd32vf103_eclic.c **** #define REG_DBGMCU2       ((uint32_t)0xE0042008U)
  40:C:/MinGW/toolchain-gd32v-win/firmware/GD32VF103_standard_peripheral/Source\gd32vf103_eclic.c **** #define REG_DBGMCU2EN     ((uint32_t)0xE004200CU)
  41:C:/MinGW/toolchain-gd32v-win/firmware/GD32VF103_standard_peripheral/Source\gd32vf103_eclic.c **** 
  42:C:/MinGW/toolchain-gd32v-win/firmware/GD32VF103_standard_peripheral/Source\gd32vf103_eclic.c **** /*!
  43:C:/MinGW/toolchain-gd32v-win/firmware/GD32VF103_standard_peripheral/Source\gd32vf103_eclic.c ****     \brief      enable the global interrupt
GAS LISTING C:\Users\anton\AppData\Local\Temp\ccIjICAh.s 			page 2


  44:C:/MinGW/toolchain-gd32v-win/firmware/GD32VF103_standard_peripheral/Source\gd32vf103_eclic.c ****     \param[in]  none
  45:C:/MinGW/toolchain-gd32v-win/firmware/GD32VF103_standard_peripheral/Source\gd32vf103_eclic.c ****     \param[out] none
  46:C:/MinGW/toolchain-gd32v-win/firmware/GD32VF103_standard_peripheral/Source\gd32vf103_eclic.c ****     \retval     none
  47:C:/MinGW/toolchain-gd32v-win/firmware/GD32VF103_standard_peripheral/Source\gd32vf103_eclic.c **** */
  48:C:/MinGW/toolchain-gd32v-win/firmware/GD32VF103_standard_peripheral/Source\gd32vf103_eclic.c **** void eclic_global_interrupt_enable(void)
  49:C:/MinGW/toolchain-gd32v-win/firmware/GD32VF103_standard_peripheral/Source\gd32vf103_eclic.c **** {
  16              		.loc 1 49 1
  17              		.cfi_startproc
  50:C:/MinGW/toolchain-gd32v-win/firmware/GD32VF103_standard_peripheral/Source\gd32vf103_eclic.c ****     /* set machine interrupt enable bit */
  51:C:/MinGW/toolchain-gd32v-win/firmware/GD32VF103_standard_peripheral/Source\gd32vf103_eclic.c ****     set_csr(mstatus, MSTATUS_MIE);
  18              		.loc 1 51 5
  19              	.LBB2:
  20              		.loc 1 51 5
  21              		.loc 1 51 5
  22              		.loc 1 51 5
  23              	 #APP
  24              	# 51 "C:/MinGW/toolchain-gd32v-win/firmware/GD32VF103_standard_peripheral/Source/gd32vf103_eclic.c"
  52              	}
  25              		csrrs a5, mstatus, 8
  26              	# 0 "" 2
  27              	.LVL0:
  51:C:/MinGW/toolchain-gd32v-win/firmware/GD32VF103_standard_peripheral/Source\gd32vf103_eclic.c ****     set_csr(mstatus, MSTATUS_MIE);
  28              		.loc 1 51 5
  29              	 #NO_APP
  30              	.LBE2:
  31              		.loc 1 52 1 is_stmt 0
  32 0004 8280     		ret
  33              		.cfi_endproc
  34              	.LFE2:
  36              		.section	.text.eclic_global_interrupt_disable,"ax",@progbits
  37              		.align	1
  38              		.globl	eclic_global_interrupt_disable
  40              	eclic_global_interrupt_disable:
  41              	.LFB3:
  53:C:/MinGW/toolchain-gd32v-win/firmware/GD32VF103_standard_peripheral/Source\gd32vf103_eclic.c **** 
  54:C:/MinGW/toolchain-gd32v-win/firmware/GD32VF103_standard_peripheral/Source\gd32vf103_eclic.c **** /*!
  55:C:/MinGW/toolchain-gd32v-win/firmware/GD32VF103_standard_peripheral/Source\gd32vf103_eclic.c ****     \brief      disable the global interrupt
  56:C:/MinGW/toolchain-gd32v-win/firmware/GD32VF103_standard_peripheral/Source\gd32vf103_eclic.c ****     \param[in]  none
  57:C:/MinGW/toolchain-gd32v-win/firmware/GD32VF103_standard_peripheral/Source\gd32vf103_eclic.c ****     \param[out] none
  58:C:/MinGW/toolchain-gd32v-win/firmware/GD32VF103_standard_peripheral/Source\gd32vf103_eclic.c ****     \retval     none
  59:C:/MinGW/toolchain-gd32v-win/firmware/GD32VF103_standard_peripheral/Source\gd32vf103_eclic.c **** */
  60:C:/MinGW/toolchain-gd32v-win/firmware/GD32VF103_standard_peripheral/Source\gd32vf103_eclic.c **** void eclic_global_interrupt_disable(void)
  61:C:/MinGW/toolchain-gd32v-win/firmware/GD32VF103_standard_peripheral/Source\gd32vf103_eclic.c **** {
  42              		.loc 1 61 1 is_stmt 1
  43              		.cfi_startproc
  62:C:/MinGW/toolchain-gd32v-win/firmware/GD32VF103_standard_peripheral/Source\gd32vf103_eclic.c ****     /* clear machine interrupt enable bit */
  63:C:/MinGW/toolchain-gd32v-win/firmware/GD32VF103_standard_peripheral/Source\gd32vf103_eclic.c ****     clear_csr(mstatus, MSTATUS_MIE);
  44              		.loc 1 63 5
  45              	.LBB3:
  46              		.loc 1 63 5
  47              		.loc 1 63 5
  48              		.loc 1 63 5
  49              	 #APP
  50              	# 63 "C:/MinGW/toolchain-gd32v-win/firmware/GD32VF103_standard_peripheral/Source/gd32vf103_eclic.c"
  64              	}
  51              		csrrc a5, mstatus, 8
  52              	# 0 "" 2
GAS LISTING C:\Users\anton\AppData\Local\Temp\ccIjICAh.s 			page 3


  53              	.LVL1:
  63:C:/MinGW/toolchain-gd32v-win/firmware/GD32VF103_standard_peripheral/Source\gd32vf103_eclic.c ****     clear_csr(mstatus, MSTATUS_MIE);
  54              		.loc 1 63 5
  55              	 #NO_APP
  56              	.LBE3:
  57              		.loc 1 64 1 is_stmt 0
  58 0004 8280     		ret
  59              		.cfi_endproc
  60              	.LFE3:
  62              		.section	.text.eclic_priority_group_set,"ax",@progbits
  63              		.align	1
  64              		.globl	eclic_priority_group_set
  66              	eclic_priority_group_set:
  67              	.LFB4:
  65:C:/MinGW/toolchain-gd32v-win/firmware/GD32VF103_standard_peripheral/Source\gd32vf103_eclic.c **** 
  66:C:/MinGW/toolchain-gd32v-win/firmware/GD32VF103_standard_peripheral/Source\gd32vf103_eclic.c **** /*!
  67:C:/MinGW/toolchain-gd32v-win/firmware/GD32VF103_standard_peripheral/Source\gd32vf103_eclic.c ****     \brief      set the priority group
  68:C:/MinGW/toolchain-gd32v-win/firmware/GD32VF103_standard_peripheral/Source\gd32vf103_eclic.c ****     \param[in]  prigroup: specify the priority group
  69:C:/MinGW/toolchain-gd32v-win/firmware/GD32VF103_standard_peripheral/Source\gd32vf103_eclic.c ****       \arg        ECLIC_PRIGROUP_LEVEL0_PRIO4
  70:C:/MinGW/toolchain-gd32v-win/firmware/GD32VF103_standard_peripheral/Source\gd32vf103_eclic.c ****       \arg        ECLIC_PRIGROUP_LEVEL1_PRIO3
  71:C:/MinGW/toolchain-gd32v-win/firmware/GD32VF103_standard_peripheral/Source\gd32vf103_eclic.c ****       \arg        ECLIC_PRIGROUP_LEVEL2_PRIO2
  72:C:/MinGW/toolchain-gd32v-win/firmware/GD32VF103_standard_peripheral/Source\gd32vf103_eclic.c ****       \arg        ECLIC_PRIGROUP_LEVEL3_PRIO1
  73:C:/MinGW/toolchain-gd32v-win/firmware/GD32VF103_standard_peripheral/Source\gd32vf103_eclic.c ****       \arg        ECLIC_PRIGROUP_LEVEL4_PRIO0
  74:C:/MinGW/toolchain-gd32v-win/firmware/GD32VF103_standard_peripheral/Source\gd32vf103_eclic.c ****     \param[out] none
  75:C:/MinGW/toolchain-gd32v-win/firmware/GD32VF103_standard_peripheral/Source\gd32vf103_eclic.c ****     \retval     none
  76:C:/MinGW/toolchain-gd32v-win/firmware/GD32VF103_standard_peripheral/Source\gd32vf103_eclic.c **** */
  77:C:/MinGW/toolchain-gd32v-win/firmware/GD32VF103_standard_peripheral/Source\gd32vf103_eclic.c **** void eclic_priority_group_set(uint8_t prigroup)
  78:C:/MinGW/toolchain-gd32v-win/firmware/GD32VF103_standard_peripheral/Source\gd32vf103_eclic.c **** {
  68              		.loc 1 78 1 is_stmt 1
  69              		.cfi_startproc
  70              	.LVL2:
  79:C:/MinGW/toolchain-gd32v-win/firmware/GD32VF103_standard_peripheral/Source\gd32vf103_eclic.c ****     eclic_set_nlbits(prigroup);
  71              		.loc 1 79 5
  72 0000 17030000 		tail	eclic_set_nlbits
  72      67000300 
  73              	.LVL3:
  74              		.cfi_endproc
  75              	.LFE4:
  77              		.section	.text.eclic_irq_enable,"ax",@progbits
  78              		.align	1
  79              		.globl	eclic_irq_enable
  81              	eclic_irq_enable:
  82              	.LFB5:
  80:C:/MinGW/toolchain-gd32v-win/firmware/GD32VF103_standard_peripheral/Source\gd32vf103_eclic.c **** }
  81:C:/MinGW/toolchain-gd32v-win/firmware/GD32VF103_standard_peripheral/Source\gd32vf103_eclic.c **** 
  82:C:/MinGW/toolchain-gd32v-win/firmware/GD32VF103_standard_peripheral/Source\gd32vf103_eclic.c **** /*!
  83:C:/MinGW/toolchain-gd32v-win/firmware/GD32VF103_standard_peripheral/Source\gd32vf103_eclic.c ****     \brief      enable the interrupt request
  84:C:/MinGW/toolchain-gd32v-win/firmware/GD32VF103_standard_peripheral/Source\gd32vf103_eclic.c ****     \param[in]  source: interrupt request, detailed in IRQn_Type
  85:C:/MinGW/toolchain-gd32v-win/firmware/GD32VF103_standard_peripheral/Source\gd32vf103_eclic.c ****     \param[in]  level: the level needed to set (maximum is 15, refer to the priority group)
  86:C:/MinGW/toolchain-gd32v-win/firmware/GD32VF103_standard_peripheral/Source\gd32vf103_eclic.c ****     \param[in]  priority: the priority needed to set (maximum is 15, refer to the priority group)
  87:C:/MinGW/toolchain-gd32v-win/firmware/GD32VF103_standard_peripheral/Source\gd32vf103_eclic.c ****     \param[out] none
  88:C:/MinGW/toolchain-gd32v-win/firmware/GD32VF103_standard_peripheral/Source\gd32vf103_eclic.c ****     \retval     none
  89:C:/MinGW/toolchain-gd32v-win/firmware/GD32VF103_standard_peripheral/Source\gd32vf103_eclic.c **** */
  90:C:/MinGW/toolchain-gd32v-win/firmware/GD32VF103_standard_peripheral/Source\gd32vf103_eclic.c **** void eclic_irq_enable(uint32_t source, uint8_t level, uint8_t priority)
  91:C:/MinGW/toolchain-gd32v-win/firmware/GD32VF103_standard_peripheral/Source\gd32vf103_eclic.c **** {
  83              		.loc 1 91 1
  84              		.cfi_startproc
GAS LISTING C:\Users\anton\AppData\Local\Temp\ccIjICAh.s 			page 4


  85              	.LVL4:
  92:C:/MinGW/toolchain-gd32v-win/firmware/GD32VF103_standard_peripheral/Source\gd32vf103_eclic.c ****     eclic_enable_interrupt(source);
  86              		.loc 1 92 5
  91:C:/MinGW/toolchain-gd32v-win/firmware/GD32VF103_standard_peripheral/Source\gd32vf103_eclic.c ****     eclic_enable_interrupt(source);
  87              		.loc 1 91 1 is_stmt 0
  88 0000 4111     		addi	sp,sp,-16
  89              	.LCFI0:
  90              		.cfi_def_cfa_offset 16
  91 0002 06C6     		sw	ra,12(sp)
  92 0004 22C4     		sw	s0,8(sp)
  93 0006 26C2     		sw	s1,4(sp)
  94 0008 4AC0     		sw	s2,0(sp)
  95              		.cfi_offset 1, -4
  96              		.cfi_offset 8, -8
  97              		.cfi_offset 9, -12
  98              		.cfi_offset 18, -16
  91:C:/MinGW/toolchain-gd32v-win/firmware/GD32VF103_standard_peripheral/Source\gd32vf103_eclic.c ****     eclic_enable_interrupt(source);
  99              		.loc 1 91 1
 100 000a 2A84     		mv	s0,a0
 101 000c B284     		mv	s1,a2
 102 000e 2E89     		mv	s2,a1
 103              		.loc 1 92 5
 104 0010 97000000 		call	eclic_enable_interrupt
 104      E7800000 
 105              	.LVL5:
  93:C:/MinGW/toolchain-gd32v-win/firmware/GD32VF103_standard_peripheral/Source\gd32vf103_eclic.c ****     eclic_set_irq_lvl_abs(source, level);
 106              		.loc 1 93 5 is_stmt 1
 107 0018 CA85     		mv	a1,s2
 108 001a 2285     		mv	a0,s0
 109 001c 97000000 		call	eclic_set_irq_lvl_abs
 109      E7800000 
 110              	.LVL6:
  94:C:/MinGW/toolchain-gd32v-win/firmware/GD32VF103_standard_peripheral/Source\gd32vf103_eclic.c ****     eclic_set_irq_priority(source, priority);
 111              		.loc 1 94 5
 112 0024 2285     		mv	a0,s0
  95:C:/MinGW/toolchain-gd32v-win/firmware/GD32VF103_standard_peripheral/Source\gd32vf103_eclic.c **** }
 113              		.loc 1 95 1 is_stmt 0
 114 0026 2244     		lw	s0,8(sp)
 115              		.cfi_restore 8
 116              	.LVL7:
 117 0028 B240     		lw	ra,12(sp)
 118              		.cfi_restore 1
 119 002a 0249     		lw	s2,0(sp)
 120              		.cfi_restore 18
  94:C:/MinGW/toolchain-gd32v-win/firmware/GD32VF103_standard_peripheral/Source\gd32vf103_eclic.c ****     eclic_set_irq_priority(source, priority);
 121              		.loc 1 94 5
 122 002c A685     		mv	a1,s1
 123              		.loc 1 95 1
 124 002e 9244     		lw	s1,4(sp)
 125              		.cfi_restore 9
 126 0030 4101     		addi	sp,sp,16
 127              	.LCFI1:
 128              		.cfi_def_cfa_offset 0
  94:C:/MinGW/toolchain-gd32v-win/firmware/GD32VF103_standard_peripheral/Source\gd32vf103_eclic.c ****     eclic_set_irq_priority(source, priority);
 129              		.loc 1 94 5
 130 0032 17030000 		tail	eclic_set_irq_priority
 130      67000300 
GAS LISTING C:\Users\anton\AppData\Local\Temp\ccIjICAh.s 			page 5


 131              	.LVL8:
 132              		.cfi_endproc
 133              	.LFE5:
 135              		.section	.text.eclic_irq_disable,"ax",@progbits
 136              		.align	1
 137              		.globl	eclic_irq_disable
 139              	eclic_irq_disable:
 140              	.LFB6:
  96:C:/MinGW/toolchain-gd32v-win/firmware/GD32VF103_standard_peripheral/Source\gd32vf103_eclic.c **** 
  97:C:/MinGW/toolchain-gd32v-win/firmware/GD32VF103_standard_peripheral/Source\gd32vf103_eclic.c **** /*!
  98:C:/MinGW/toolchain-gd32v-win/firmware/GD32VF103_standard_peripheral/Source\gd32vf103_eclic.c ****     \brief      disable the interrupt request
  99:C:/MinGW/toolchain-gd32v-win/firmware/GD32VF103_standard_peripheral/Source\gd32vf103_eclic.c ****     \param[in]  source: interrupt request, detailed in IRQn_Type
 100:C:/MinGW/toolchain-gd32v-win/firmware/GD32VF103_standard_peripheral/Source\gd32vf103_eclic.c ****     \param[out] none
 101:C:/MinGW/toolchain-gd32v-win/firmware/GD32VF103_standard_peripheral/Source\gd32vf103_eclic.c ****     \retval     none
 102:C:/MinGW/toolchain-gd32v-win/firmware/GD32VF103_standard_peripheral/Source\gd32vf103_eclic.c **** */
 103:C:/MinGW/toolchain-gd32v-win/firmware/GD32VF103_standard_peripheral/Source\gd32vf103_eclic.c **** void eclic_irq_disable(uint32_t source)
 104:C:/MinGW/toolchain-gd32v-win/firmware/GD32VF103_standard_peripheral/Source\gd32vf103_eclic.c **** {
 141              		.loc 1 104 1 is_stmt 1
 142              		.cfi_startproc
 143              	.LVL9:
 105:C:/MinGW/toolchain-gd32v-win/firmware/GD32VF103_standard_peripheral/Source\gd32vf103_eclic.c ****     eclic_disable_interrupt(source);
 144              		.loc 1 105 5
 145 0000 17030000 		tail	eclic_disable_interrupt
 145      67000300 
 146              	.LVL10:
 147              		.cfi_endproc
 148              	.LFE6:
 150              		.section	.text.eclic_system_reset,"ax",@progbits
 151              		.align	1
 152              		.globl	eclic_system_reset
 154              	eclic_system_reset:
 155              	.LFB7:
 106:C:/MinGW/toolchain-gd32v-win/firmware/GD32VF103_standard_peripheral/Source\gd32vf103_eclic.c **** }
 107:C:/MinGW/toolchain-gd32v-win/firmware/GD32VF103_standard_peripheral/Source\gd32vf103_eclic.c **** 
 108:C:/MinGW/toolchain-gd32v-win/firmware/GD32VF103_standard_peripheral/Source\gd32vf103_eclic.c **** /*!
 109:C:/MinGW/toolchain-gd32v-win/firmware/GD32VF103_standard_peripheral/Source\gd32vf103_eclic.c ****     \brief      reset system
 110:C:/MinGW/toolchain-gd32v-win/firmware/GD32VF103_standard_peripheral/Source\gd32vf103_eclic.c ****     \param[in]  none
 111:C:/MinGW/toolchain-gd32v-win/firmware/GD32VF103_standard_peripheral/Source\gd32vf103_eclic.c ****     \param[out] none
 112:C:/MinGW/toolchain-gd32v-win/firmware/GD32VF103_standard_peripheral/Source\gd32vf103_eclic.c ****     \retval     none
 113:C:/MinGW/toolchain-gd32v-win/firmware/GD32VF103_standard_peripheral/Source\gd32vf103_eclic.c **** */
 114:C:/MinGW/toolchain-gd32v-win/firmware/GD32VF103_standard_peripheral/Source\gd32vf103_eclic.c **** void eclic_system_reset(void)
 115:C:/MinGW/toolchain-gd32v-win/firmware/GD32VF103_standard_peripheral/Source\gd32vf103_eclic.c **** {
 156              		.loc 1 115 1
 157              		.cfi_startproc
 116:C:/MinGW/toolchain-gd32v-win/firmware/GD32VF103_standard_peripheral/Source\gd32vf103_eclic.c ****     REG32(REG_DBGMCU2EN) = (uint32_t)0x4b5a6978U;
 158              		.loc 1 116 5
 159              		.loc 1 116 26 is_stmt 0
 160 0000 B7775A4B 		li	a5,1264218112
 161 0004 372704E0 		li	a4,-536600576
 162 0008 93878797 		addi	a5,a5,-1672
 163 000c 5CC7     		sw	a5,12(a4)
 117:C:/MinGW/toolchain-gd32v-win/firmware/GD32VF103_standard_peripheral/Source\gd32vf103_eclic.c ****     REG32(REG_DBGMCU2) = (uint32_t)0x1U;
 164              		.loc 1 117 5 is_stmt 1
 165              		.loc 1 117 24 is_stmt 0
 166 000e 8547     		li	a5,1
 167 0010 1CC7     		sw	a5,8(a4)
 118:C:/MinGW/toolchain-gd32v-win/firmware/GD32VF103_standard_peripheral/Source\gd32vf103_eclic.c **** }
GAS LISTING C:\Users\anton\AppData\Local\Temp\ccIjICAh.s 			page 6


 168              		.loc 1 118 1
 169 0012 8280     		ret
 170              		.cfi_endproc
 171              	.LFE7:
 173              		.section	.text.eclic_send_event,"ax",@progbits
 174              		.align	1
 175              		.globl	eclic_send_event
 177              	eclic_send_event:
 178              	.LFB8:
 119:C:/MinGW/toolchain-gd32v-win/firmware/GD32VF103_standard_peripheral/Source\gd32vf103_eclic.c **** 
 120:C:/MinGW/toolchain-gd32v-win/firmware/GD32VF103_standard_peripheral/Source\gd32vf103_eclic.c **** /*!
 121:C:/MinGW/toolchain-gd32v-win/firmware/GD32VF103_standard_peripheral/Source\gd32vf103_eclic.c ****     \brief      send event(SEV)
 122:C:/MinGW/toolchain-gd32v-win/firmware/GD32VF103_standard_peripheral/Source\gd32vf103_eclic.c ****     \param[in]  none
 123:C:/MinGW/toolchain-gd32v-win/firmware/GD32VF103_standard_peripheral/Source\gd32vf103_eclic.c ****     \param[out] none
 124:C:/MinGW/toolchain-gd32v-win/firmware/GD32VF103_standard_peripheral/Source\gd32vf103_eclic.c ****     \retval     none
 125:C:/MinGW/toolchain-gd32v-win/firmware/GD32VF103_standard_peripheral/Source\gd32vf103_eclic.c **** */
 126:C:/MinGW/toolchain-gd32v-win/firmware/GD32VF103_standard_peripheral/Source\gd32vf103_eclic.c **** void eclic_send_event(void)
 127:C:/MinGW/toolchain-gd32v-win/firmware/GD32VF103_standard_peripheral/Source\gd32vf103_eclic.c **** {
 179              		.loc 1 127 1 is_stmt 1
 180              		.cfi_startproc
 128:C:/MinGW/toolchain-gd32v-win/firmware/GD32VF103_standard_peripheral/Source\gd32vf103_eclic.c ****     set_csr(0x812U, 0x1U);
 181              		.loc 1 128 5
 182              	.LBB4:
 183              		.loc 1 128 5
 184              		.loc 1 128 5
 185              		.loc 1 128 5
 186              	 #APP
 187              	# 128 "C:/MinGW/toolchain-gd32v-win/firmware/GD32VF103_standard_peripheral/Source/gd32vf103_eclic.c
 129              	}
 188              		csrrs a5, 0x812U, 1
 189              	# 0 "" 2
 190              	.LVL11:
 128:C:/MinGW/toolchain-gd32v-win/firmware/GD32VF103_standard_peripheral/Source\gd32vf103_eclic.c ****     set_csr(0x812U, 0x1U);
 191              		.loc 1 128 5
 192              	 #NO_APP
 193              	.LBE4:
 194              		.loc 1 129 1 is_stmt 0
 195 0004 8280     		ret
 196              		.cfi_endproc
 197              	.LFE8:
 199              		.text
 200              	.Letext0:
 201              		.file 2 "c:\\mingw\\toolchain-gd32v-win\\compiler\\riscv64-unknown-elf\\include\\machine\\_default
 202              		.file 3 "c:\\mingw\\toolchain-gd32v-win\\compiler\\riscv64-unknown-elf\\include\\sys\\_stdint.h"
 203              		.file 4 "C:/MinGW/toolchain-gd32v-win/firmware/RISCV/drivers/n200_func.h"
 204              		.file 5 "C:/MinGW/toolchain-gd32v-win/firmware/GD32VF103_standard_peripheral/system_gd32vf103.h"
GAS LISTING C:\Users\anton\AppData\Local\Temp\ccIjICAh.s 			page 7


DEFINED SYMBOLS
                            *ABS*:0000000000000000 gd32vf103_eclic.c
C:\Users\anton\AppData\Local\Temp\ccIjICAh.s:13     .text.eclic_global_interrupt_enable:0000000000000000 eclic_global_interrupt_enable
C:\Users\anton\AppData\Local\Temp\ccIjICAh.s:17     .text.eclic_global_interrupt_enable:0000000000000000 .L0 
C:\Users\anton\AppData\Local\Temp\ccIjICAh.s:18     .text.eclic_global_interrupt_enable:0000000000000000 .L0 
C:\Users\anton\AppData\Local\Temp\ccIjICAh.s:20     .text.eclic_global_interrupt_enable:0000000000000000 .L0 
C:\Users\anton\AppData\Local\Temp\ccIjICAh.s:21     .text.eclic_global_interrupt_enable:0000000000000000 .L0 
C:\Users\anton\AppData\Local\Temp\ccIjICAh.s:22     .text.eclic_global_interrupt_enable:0000000000000000 .L0 
C:/MinGW/toolchain-gd32v-win/firmware/GD32VF103_standard_peripheral/Source\gd32vf103_eclic.c:51     .text.eclic_global_interrupt_enable:0000000000000000 .L0 
C:\Users\anton\AppData\Local\Temp\ccIjICAh.s:31     .text.eclic_global_interrupt_enable:0000000000000004 .L0 
C:\Users\anton\AppData\Local\Temp\ccIjICAh.s:32     .text.eclic_global_interrupt_enable:0000000000000004 .L0 
C:\Users\anton\AppData\Local\Temp\ccIjICAh.s:33     .text.eclic_global_interrupt_enable:0000000000000006 .L0 
C:\Users\anton\AppData\Local\Temp\ccIjICAh.s:40     .text.eclic_global_interrupt_disable:0000000000000000 eclic_global_interrupt_disable
C:\Users\anton\AppData\Local\Temp\ccIjICAh.s:43     .text.eclic_global_interrupt_disable:0000000000000000 .L0 
C:\Users\anton\AppData\Local\Temp\ccIjICAh.s:44     .text.eclic_global_interrupt_disable:0000000000000000 .L0 
C:\Users\anton\AppData\Local\Temp\ccIjICAh.s:46     .text.eclic_global_interrupt_disable:0000000000000000 .L0 
C:\Users\anton\AppData\Local\Temp\ccIjICAh.s:47     .text.eclic_global_interrupt_disable:0000000000000000 .L0 
C:\Users\anton\AppData\Local\Temp\ccIjICAh.s:48     .text.eclic_global_interrupt_disable:0000000000000000 .L0 
C:/MinGW/toolchain-gd32v-win/firmware/GD32VF103_standard_peripheral/Source\gd32vf103_eclic.c:63     .text.eclic_global_interrupt_disable:0000000000000000 .L0 
C:\Users\anton\AppData\Local\Temp\ccIjICAh.s:57     .text.eclic_global_interrupt_disable:0000000000000004 .L0 
C:\Users\anton\AppData\Local\Temp\ccIjICAh.s:58     .text.eclic_global_interrupt_disable:0000000000000004 .L0 
C:\Users\anton\AppData\Local\Temp\ccIjICAh.s:59     .text.eclic_global_interrupt_disable:0000000000000006 .L0 
C:\Users\anton\AppData\Local\Temp\ccIjICAh.s:66     .text.eclic_priority_group_set:0000000000000000 eclic_priority_group_set
C:\Users\anton\AppData\Local\Temp\ccIjICAh.s:69     .text.eclic_priority_group_set:0000000000000000 .L0 
C:\Users\anton\AppData\Local\Temp\ccIjICAh.s:71     .text.eclic_priority_group_set:0000000000000000 .L0 
C:\Users\anton\AppData\Local\Temp\ccIjICAh.s:72     .text.eclic_priority_group_set:0000000000000000 .L0 
C:\Users\anton\AppData\Local\Temp\ccIjICAh.s:74     .text.eclic_priority_group_set:0000000000000008 .L0 
C:\Users\anton\AppData\Local\Temp\ccIjICAh.s:81     .text.eclic_irq_enable:0000000000000000 eclic_irq_enable
C:\Users\anton\AppData\Local\Temp\ccIjICAh.s:84     .text.eclic_irq_enable:0000000000000000 .L0 
C:\Users\anton\AppData\Local\Temp\ccIjICAh.s:86     .text.eclic_irq_enable:0000000000000000 .L0 
C:\Users\anton\AppData\Local\Temp\ccIjICAh.s:87     .text.eclic_irq_enable:0000000000000000 .L0 
C:\Users\anton\AppData\Local\Temp\ccIjICAh.s:88     .text.eclic_irq_enable:0000000000000000 .L0 
C:\Users\anton\AppData\Local\Temp\ccIjICAh.s:90     .text.eclic_irq_enable:0000000000000002 .L0 
C:\Users\anton\AppData\Local\Temp\ccIjICAh.s:95     .text.eclic_irq_enable:000000000000000a .L0 
C:\Users\anton\AppData\Local\Temp\ccIjICAh.s:96     .text.eclic_irq_enable:000000000000000a .L0 
C:\Users\anton\AppData\Local\Temp\ccIjICAh.s:97     .text.eclic_irq_enable:000000000000000a .L0 
C:\Users\anton\AppData\Local\Temp\ccIjICAh.s:98     .text.eclic_irq_enable:000000000000000a .L0 
C:\Users\anton\AppData\Local\Temp\ccIjICAh.s:100    .text.eclic_irq_enable:000000000000000a .L0 
C:\Users\anton\AppData\Local\Temp\ccIjICAh.s:104    .text.eclic_irq_enable:0000000000000010 .L0 
C:\Users\anton\AppData\Local\Temp\ccIjICAh.s:107    .text.eclic_irq_enable:0000000000000018 .L0 
C:\Users\anton\AppData\Local\Temp\ccIjICAh.s:112    .text.eclic_irq_enable:0000000000000024 .L0 
C:\Users\anton\AppData\Local\Temp\ccIjICAh.s:114    .text.eclic_irq_enable:0000000000000026 .L0 
C:\Users\anton\AppData\Local\Temp\ccIjICAh.s:115    .text.eclic_irq_enable:0000000000000028 .L0 
C:\Users\anton\AppData\Local\Temp\ccIjICAh.s:118    .text.eclic_irq_enable:000000000000002a .L0 
C:\Users\anton\AppData\Local\Temp\ccIjICAh.s:120    .text.eclic_irq_enable:000000000000002c .L0 
C:\Users\anton\AppData\Local\Temp\ccIjICAh.s:122    .text.eclic_irq_enable:000000000000002c .L0 
C:\Users\anton\AppData\Local\Temp\ccIjICAh.s:124    .text.eclic_irq_enable:000000000000002e .L0 
C:\Users\anton\AppData\Local\Temp\ccIjICAh.s:125    .text.eclic_irq_enable:0000000000000030 .L0 
C:\Users\anton\AppData\Local\Temp\ccIjICAh.s:128    .text.eclic_irq_enable:0000000000000032 .L0 
C:\Users\anton\AppData\Local\Temp\ccIjICAh.s:130    .text.eclic_irq_enable:0000000000000032 .L0 
C:\Users\anton\AppData\Local\Temp\ccIjICAh.s:132    .text.eclic_irq_enable:000000000000003a .L0 
C:\Users\anton\AppData\Local\Temp\ccIjICAh.s:139    .text.eclic_irq_disable:0000000000000000 eclic_irq_disable
C:\Users\anton\AppData\Local\Temp\ccIjICAh.s:142    .text.eclic_irq_disable:0000000000000000 .L0 
C:\Users\anton\AppData\Local\Temp\ccIjICAh.s:144    .text.eclic_irq_disable:0000000000000000 .L0 
C:\Users\anton\AppData\Local\Temp\ccIjICAh.s:145    .text.eclic_irq_disable:0000000000000000 .L0 
C:\Users\anton\AppData\Local\Temp\ccIjICAh.s:147    .text.eclic_irq_disable:0000000000000008 .L0 
C:\Users\anton\AppData\Local\Temp\ccIjICAh.s:154    .text.eclic_system_reset:0000000000000000 eclic_system_reset
GAS LISTING C:\Users\anton\AppData\Local\Temp\ccIjICAh.s 			page 8


C:\Users\anton\AppData\Local\Temp\ccIjICAh.s:157    .text.eclic_system_reset:0000000000000000 .L0 
C:\Users\anton\AppData\Local\Temp\ccIjICAh.s:158    .text.eclic_system_reset:0000000000000000 .L0 
C:\Users\anton\AppData\Local\Temp\ccIjICAh.s:159    .text.eclic_system_reset:0000000000000000 .L0 
C:\Users\anton\AppData\Local\Temp\ccIjICAh.s:160    .text.eclic_system_reset:0000000000000000 .L0 
C:\Users\anton\AppData\Local\Temp\ccIjICAh.s:165    .text.eclic_system_reset:000000000000000e .L0 
C:\Users\anton\AppData\Local\Temp\ccIjICAh.s:166    .text.eclic_system_reset:000000000000000e .L0 
C:\Users\anton\AppData\Local\Temp\ccIjICAh.s:169    .text.eclic_system_reset:0000000000000012 .L0 
C:\Users\anton\AppData\Local\Temp\ccIjICAh.s:170    .text.eclic_system_reset:0000000000000014 .L0 
C:\Users\anton\AppData\Local\Temp\ccIjICAh.s:177    .text.eclic_send_event:0000000000000000 eclic_send_event
C:\Users\anton\AppData\Local\Temp\ccIjICAh.s:180    .text.eclic_send_event:0000000000000000 .L0 
C:\Users\anton\AppData\Local\Temp\ccIjICAh.s:181    .text.eclic_send_event:0000000000000000 .L0 
C:\Users\anton\AppData\Local\Temp\ccIjICAh.s:183    .text.eclic_send_event:0000000000000000 .L0 
C:\Users\anton\AppData\Local\Temp\ccIjICAh.s:184    .text.eclic_send_event:0000000000000000 .L0 
C:\Users\anton\AppData\Local\Temp\ccIjICAh.s:185    .text.eclic_send_event:0000000000000000 .L0 
C:/MinGW/toolchain-gd32v-win/firmware/GD32VF103_standard_peripheral/Source\gd32vf103_eclic.c:128    .text.eclic_send_event:0000000000000000 .L0 
C:\Users\anton\AppData\Local\Temp\ccIjICAh.s:194    .text.eclic_send_event:0000000000000004 .L0 
C:\Users\anton\AppData\Local\Temp\ccIjICAh.s:195    .text.eclic_send_event:0000000000000004 .L0 
C:\Users\anton\AppData\Local\Temp\ccIjICAh.s:196    .text.eclic_send_event:0000000000000006 .L0 
C:\Users\anton\AppData\Local\Temp\ccIjICAh.s:36     .text.eclic_global_interrupt_enable:0000000000000006 .L0 
C:\Users\anton\AppData\Local\Temp\ccIjICAh.s:62     .text.eclic_global_interrupt_disable:0000000000000006 .L0 
C:\Users\anton\AppData\Local\Temp\ccIjICAh.s:77     .text.eclic_priority_group_set:0000000000000008 .L0 
C:\Users\anton\AppData\Local\Temp\ccIjICAh.s:135    .text.eclic_irq_enable:000000000000003a .L0 
C:\Users\anton\AppData\Local\Temp\ccIjICAh.s:150    .text.eclic_irq_disable:0000000000000008 .L0 
C:\Users\anton\AppData\Local\Temp\ccIjICAh.s:173    .text.eclic_system_reset:0000000000000014 .L0 
C:\Users\anton\AppData\Local\Temp\ccIjICAh.s:199    .text.eclic_send_event:0000000000000006 .L0 
                     .debug_frame:0000000000000000 .L0 
C:\Users\anton\AppData\Local\Temp\ccIjICAh.s:560    .debug_abbrev:0000000000000000 .Ldebug_abbrev0
C:\Users\anton\AppData\Local\Temp\ccIjICAh.s:965    .debug_str:000000000000000e .LASF30
C:\Users\anton\AppData\Local\Temp\ccIjICAh.s:1011   .debug_str:000000000000022d .LASF31
C:\Users\anton\AppData\Local\Temp\ccIjICAh.s:1005   .debug_str:00000000000001c7 .LASF32
C:\Users\anton\AppData\Local\Temp\ccIjICAh.s:943    .debug_ranges:0000000000000000 .Ldebug_ranges0
C:\Users\anton\AppData\Local\Temp\ccIjICAh.s:961    .debug_line:0000000000000000 .Ldebug_line0
C:\Users\anton\AppData\Local\Temp\ccIjICAh.s:995    .debug_str:0000000000000172 .LASF0
C:\Users\anton\AppData\Local\Temp\ccIjICAh.s:1027   .debug_str:00000000000002f3 .LASF1
C:\Users\anton\AppData\Local\Temp\ccIjICAh.s:969    .debug_str:00000000000000a6 .LASF6
C:\Users\anton\AppData\Local\Temp\ccIjICAh.s:981    .debug_str:0000000000000114 .LASF2
C:\Users\anton\AppData\Local\Temp\ccIjICAh.s:1015   .debug_str:00000000000002a3 .LASF3
C:\Users\anton\AppData\Local\Temp\ccIjICAh.s:985    .debug_str:0000000000000134 .LASF4
C:\Users\anton\AppData\Local\Temp\ccIjICAh.s:1023   .debug_str:00000000000002de .LASF5
C:\Users\anton\AppData\Local\Temp\ccIjICAh.s:993    .debug_str:0000000000000167 .LASF7
C:\Users\anton\AppData\Local\Temp\ccIjICAh.s:983    .debug_str:0000000000000122 .LASF8
C:\Users\anton\AppData\Local\Temp\ccIjICAh.s:963    .debug_str:0000000000000000 .LASF9
C:\Users\anton\AppData\Local\Temp\ccIjICAh.s:999    .debug_str:0000000000000197 .LASF10
C:\Users\anton\AppData\Local\Temp\ccIjICAh.s:1001   .debug_str:00000000000001ae .LASF11
C:\Users\anton\AppData\Local\Temp\ccIjICAh.s:1021   .debug_str:00000000000002d5 .LASF12
C:\Users\anton\AppData\Local\Temp\ccIjICAh.s:1009   .debug_str:000000000000021d .LASF33
C:\Users\anton\AppData\Local\Temp\ccIjICAh.s:1025   .debug_str:00000000000002e7 .LASF13
C:\Users\anton\AppData\Local\Temp\ccIjICAh.s:1003   .debug_str:00000000000001b6 .LASF14
C:\Users\anton\AppData\Local\Temp\ccIjICAh.s:178    .text.eclic_send_event:0000000000000000 .LFB8
C:\Users\anton\AppData\Local\Temp\ccIjICAh.s:197    .text.eclic_send_event:0000000000000006 .LFE8
C:\Users\anton\AppData\Local\Temp\ccIjICAh.s:182    .text.eclic_send_event:0000000000000000 .LBB4
C:\Users\anton\AppData\Local\Temp\ccIjICAh.s:193    .text.eclic_send_event:0000000000000004 .LBE4
C:\Users\anton\AppData\Local\Temp\ccIjICAh.s:991    .debug_str:0000000000000161 .LASF23
C:\Users\anton\AppData\Local\Temp\ccIjICAh.s:971    .debug_str:00000000000000b0 .LASF34
C:\Users\anton\AppData\Local\Temp\ccIjICAh.s:155    .text.eclic_system_reset:0000000000000000 .LFB7
C:\Users\anton\AppData\Local\Temp\ccIjICAh.s:171    .text.eclic_system_reset:0000000000000014 .LFE7
C:\Users\anton\AppData\Local\Temp\ccIjICAh.s:977    .debug_str:00000000000000f9 .LASF15
GAS LISTING C:\Users\anton\AppData\Local\Temp\ccIjICAh.s 			page 9


C:\Users\anton\AppData\Local\Temp\ccIjICAh.s:140    .text.eclic_irq_disable:0000000000000000 .LFB6
C:\Users\anton\AppData\Local\Temp\ccIjICAh.s:148    .text.eclic_irq_disable:0000000000000008 .LFE6
C:\Users\anton\AppData\Local\Temp\ccIjICAh.s:1029   .debug_str:00000000000002ff .LASF17
C:\Users\anton\AppData\Local\Temp\ccIjICAh.s:822    .debug_loc:0000000000000000 .LLST5
C:\Users\anton\AppData\Local\Temp\ccIjICAh.s:146    .text.eclic_irq_disable:0000000000000008 .LVL10
C:\Users\anton\AppData\Local\Temp\ccIjICAh.s:989    .debug_str:0000000000000150 .LASF16
C:\Users\anton\AppData\Local\Temp\ccIjICAh.s:82     .text.eclic_irq_enable:0000000000000000 .LFB5
C:\Users\anton\AppData\Local\Temp\ccIjICAh.s:133    .text.eclic_irq_enable:000000000000003a .LFE5
C:\Users\anton\AppData\Local\Temp\ccIjICAh.s:836    .debug_loc:0000000000000021 .LLST1
C:\Users\anton\AppData\Local\Temp\ccIjICAh.s:854    .debug_loc:000000000000004d .LLST2
C:\Users\anton\AppData\Local\Temp\ccIjICAh.s:1007   .debug_str:0000000000000217 .LASF18
C:\Users\anton\AppData\Local\Temp\ccIjICAh.s:876    .debug_loc:0000000000000084 .LLST3
C:\Users\anton\AppData\Local\Temp\ccIjICAh.s:987    .debug_str:0000000000000147 .LASF19
C:\Users\anton\AppData\Local\Temp\ccIjICAh.s:890    .debug_loc:00000000000000a5 .LLST4
C:\Users\anton\AppData\Local\Temp\ccIjICAh.s:105    .text.eclic_irq_enable:0000000000000018 .LVL5
C:\Users\anton\AppData\Local\Temp\ccIjICAh.s:110    .text.eclic_irq_enable:0000000000000024 .LVL6
C:\Users\anton\AppData\Local\Temp\ccIjICAh.s:131    .text.eclic_irq_enable:000000000000003a .LVL8
C:\Users\anton\AppData\Local\Temp\ccIjICAh.s:1013   .debug_str:000000000000028a .LASF20
C:\Users\anton\AppData\Local\Temp\ccIjICAh.s:67     .text.eclic_priority_group_set:0000000000000000 .LFB4
C:\Users\anton\AppData\Local\Temp\ccIjICAh.s:75     .text.eclic_priority_group_set:0000000000000008 .LFE4
C:\Users\anton\AppData\Local\Temp\ccIjICAh.s:979    .debug_str:000000000000010b .LASF21
C:\Users\anton\AppData\Local\Temp\ccIjICAh.s:904    .debug_loc:00000000000000c6 .LLST0
C:\Users\anton\AppData\Local\Temp\ccIjICAh.s:73     .text.eclic_priority_group_set:0000000000000008 .LVL3
C:\Users\anton\AppData\Local\Temp\ccIjICAh.s:975    .debug_str:00000000000000da .LASF22
C:\Users\anton\AppData\Local\Temp\ccIjICAh.s:41     .text.eclic_global_interrupt_disable:0000000000000000 .LFB3
C:\Users\anton\AppData\Local\Temp\ccIjICAh.s:60     .text.eclic_global_interrupt_disable:0000000000000006 .LFE3
C:\Users\anton\AppData\Local\Temp\ccIjICAh.s:45     .text.eclic_global_interrupt_disable:0000000000000000 .LBB3
C:\Users\anton\AppData\Local\Temp\ccIjICAh.s:56     .text.eclic_global_interrupt_disable:0000000000000004 .LBE3
C:\Users\anton\AppData\Local\Temp\ccIjICAh.s:967    .debug_str:0000000000000088 .LASF24
C:\Users\anton\AppData\Local\Temp\ccIjICAh.s:14     .text.eclic_global_interrupt_enable:0000000000000000 .LFB2
C:\Users\anton\AppData\Local\Temp\ccIjICAh.s:34     .text.eclic_global_interrupt_enable:0000000000000006 .LFE2
C:\Users\anton\AppData\Local\Temp\ccIjICAh.s:19     .text.eclic_global_interrupt_enable:0000000000000000 .LBB2
C:\Users\anton\AppData\Local\Temp\ccIjICAh.s:30     .text.eclic_global_interrupt_enable:0000000000000004 .LBE2
C:\Users\anton\AppData\Local\Temp\ccIjICAh.s:997    .debug_str:000000000000017f .LASF25
C:\Users\anton\AppData\Local\Temp\ccIjICAh.s:973    .debug_str:00000000000000c3 .LASF26
C:\Users\anton\AppData\Local\Temp\ccIjICAh.s:1031   .debug_str:0000000000000306 .LASF27
C:\Users\anton\AppData\Local\Temp\ccIjICAh.s:1017   .debug_str:00000000000002ad .LASF28
C:\Users\anton\AppData\Local\Temp\ccIjICAh.s:1019   .debug_str:00000000000002c4 .LASF29
C:\Users\anton\AppData\Local\Temp\ccIjICAh.s:143    .text.eclic_irq_disable:0000000000000000 .LVL9
C:\Users\anton\AppData\Local\Temp\ccIjICAh.s:89     .text.eclic_irq_enable:0000000000000002 .LCFI0
C:\Users\anton\AppData\Local\Temp\ccIjICAh.s:127    .text.eclic_irq_enable:0000000000000032 .LCFI1
C:\Users\anton\AppData\Local\Temp\ccIjICAh.s:85     .text.eclic_irq_enable:0000000000000000 .LVL4
C:\Users\anton\AppData\Local\Temp\ccIjICAh.s:116    .text.eclic_irq_enable:0000000000000028 .LVL7
C:\Users\anton\AppData\Local\Temp\ccIjICAh.s:70     .text.eclic_priority_group_set:0000000000000000 .LVL2
C:\Users\anton\AppData\Local\Temp\ccIjICAh.s:206    .debug_info:0000000000000000 .Ldebug_info0

UNDEFINED SYMBOLS
eclic_set_nlbits
eclic_enable_interrupt
eclic_set_irq_lvl_abs
eclic_set_irq_priority
eclic_disable_interrupt
