GAS LISTING C:\Users\anton\AppData\Local\Temp\ccVISW61.s 			page 1


   1              		.file	"read.c"
   2              		.option nopic
   3              		.attribute arch, "rv32i2p0_m2p0_a2p0_c2p0"
   4              		.attribute unaligned_access, 0
   5              		.attribute stack_align, 16
   6              		.text
   7              	.Ltext0:
   8              		.cfi_sections	.debug_frame
   9              		.section	.text._read,"ax",@progbits
  10              		.align	1
  11              		.globl	_read
  13              	_read:
  14              	.LFB1:
  15              		.file 1 "C:/MinGW/toolchain-gd32v-win/firmware/RISCV/stubs/read.c"
   1:C:/MinGW/toolchain-gd32v-win/firmware/RISCV/stubs\read.c **** /* See LICENSE of license details. */
   2:C:/MinGW/toolchain-gd32v-win/firmware/RISCV/stubs\read.c **** 
   3:C:/MinGW/toolchain-gd32v-win/firmware/RISCV/stubs\read.c **** #include <stdint.h>
   4:C:/MinGW/toolchain-gd32v-win/firmware/RISCV/stubs\read.c **** #include <errno.h>
   5:C:/MinGW/toolchain-gd32v-win/firmware/RISCV/stubs\read.c **** #include <unistd.h>
   6:C:/MinGW/toolchain-gd32v-win/firmware/RISCV/stubs\read.c **** #include <sys/types.h>
   7:C:/MinGW/toolchain-gd32v-win/firmware/RISCV/stubs\read.c **** 
   8:C:/MinGW/toolchain-gd32v-win/firmware/RISCV/stubs\read.c **** #include "stub.h"
   9:C:/MinGW/toolchain-gd32v-win/firmware/RISCV/stubs\read.c **** 
  10:C:/MinGW/toolchain-gd32v-win/firmware/RISCV/stubs\read.c **** ssize_t _read(int fd, void* ptr, size_t len)
  11:C:/MinGW/toolchain-gd32v-win/firmware/RISCV/stubs\read.c **** {
  16              		.loc 1 11 1
  17              		.cfi_startproc
  18              	.LVL0:
  12:C:/MinGW/toolchain-gd32v-win/firmware/RISCV/stubs\read.c ****   return _stub(EBADF);
  19              		.loc 1 12 3
  20              		.file 2 "C:/MinGW/toolchain-gd32v-win/firmware/RISCV/stubs/stub.h"
   1:C:/MinGW/toolchain-gd32v-win/firmware/RISCV/stubs\stub.h **** /* See LICENSE of license details. */
   2:C:/MinGW/toolchain-gd32v-win/firmware/RISCV/stubs\stub.h **** #ifndef _NUCLEI_SYS_STUB_H
   3:C:/MinGW/toolchain-gd32v-win/firmware/RISCV/stubs\stub.h **** #define _NUCLEI_SYS_STUB_H
   4:C:/MinGW/toolchain-gd32v-win/firmware/RISCV/stubs\stub.h **** 
   5:C:/MinGW/toolchain-gd32v-win/firmware/RISCV/stubs\stub.h **** #include <stdint.h>
   6:C:/MinGW/toolchain-gd32v-win/firmware/RISCV/stubs\stub.h **** #if   defined (__GNUC__)
   7:C:/MinGW/toolchain-gd32v-win/firmware/RISCV/stubs\stub.h **** #include <unistd.h>
   8:C:/MinGW/toolchain-gd32v-win/firmware/RISCV/stubs\stub.h **** #endif
   9:C:/MinGW/toolchain-gd32v-win/firmware/RISCV/stubs\stub.h **** 
  10:C:/MinGW/toolchain-gd32v-win/firmware/RISCV/stubs\stub.h **** void write_hex(int fd, unsigned long int hex);
  11:C:/MinGW/toolchain-gd32v-win/firmware/RISCV/stubs\stub.h **** 
  12:C:/MinGW/toolchain-gd32v-win/firmware/RISCV/stubs\stub.h **** static inline int _stub(int err)
  13:C:/MinGW/toolchain-gd32v-win/firmware/RISCV/stubs\stub.h **** {
  14:C:/MinGW/toolchain-gd32v-win/firmware/RISCV/stubs\stub.h ****   return -1;
  21              		.loc 2 14 3
  13:C:/MinGW/toolchain-gd32v-win/firmware/RISCV/stubs\read.c **** }
  22              		.loc 1 13 1 is_stmt 0
  23 0000 7D55     		li	a0,-1
  24              	.LVL1:
  25 0002 8280     		ret
  26              		.cfi_endproc
  27              	.LFE1:
  29              		.text
  30              	.Letext0:
  31              		.file 3 "c:\\mingw\\toolchain-gd32v-win\\compiler\\lib\\gcc\\riscv64-unknown-elf\\8.3.0\\include\\
  32              		.file 4 "c:\\mingw\\toolchain-gd32v-win\\compiler\\riscv64-unknown-elf\\include\\sys\\_types.h"
GAS LISTING C:\Users\anton\AppData\Local\Temp\ccVISW61.s 			page 2


  33              		.file 5 "c:\\mingw\\toolchain-gd32v-win\\compiler\\riscv64-unknown-elf\\include\\sys\\reent.h"
  34              		.file 6 "c:\\mingw\\toolchain-gd32v-win\\compiler\\riscv64-unknown-elf\\include\\sys\\lock.h"
  35              		.file 7 "c:\\mingw\\toolchain-gd32v-win\\compiler\\riscv64-unknown-elf\\include\\sys\\errno.h"
  36              		.file 8 "c:\\mingw\\toolchain-gd32v-win\\compiler\\riscv64-unknown-elf\\include\\sys\\types.h"
  37              		.file 9 "c:\\mingw\\toolchain-gd32v-win\\compiler\\riscv64-unknown-elf\\include\\sys\\unistd.h"
GAS LISTING C:\Users\anton\AppData\Local\Temp\ccVISW61.s 			page 3


DEFINED SYMBOLS
                            *ABS*:0000000000000000 read.c
C:\Users\anton\AppData\Local\Temp\ccVISW61.s:13     .text._read:0000000000000000 _read
C:\Users\anton\AppData\Local\Temp\ccVISW61.s:17     .text._read:0000000000000000 .L0 
C:\Users\anton\AppData\Local\Temp\ccVISW61.s:19     .text._read:0000000000000000 .L0 
C:\Users\anton\AppData\Local\Temp\ccVISW61.s:21     .text._read:0000000000000000 .L0 
C:\Users\anton\AppData\Local\Temp\ccVISW61.s:22     .text._read:0000000000000000 .L0 
C:\Users\anton\AppData\Local\Temp\ccVISW61.s:23     .text._read:0000000000000000 .L0 
C:\Users\anton\AppData\Local\Temp\ccVISW61.s:26     .text._read:0000000000000004 .L0 
C:\Users\anton\AppData\Local\Temp\ccVISW61.s:29     .text._read:0000000000000004 .L0 
                     .debug_frame:0000000000000000 .L0 
C:\Users\anton\AppData\Local\Temp\ccVISW61.s:1569   .debug_abbrev:0000000000000000 .Ldebug_abbrev0
C:\Users\anton\AppData\Local\Temp\ccVISW61.s:2258   .debug_str:0000000000000328 .LASF130
C:\Users\anton\AppData\Local\Temp\ccVISW61.s:2150   .debug_str:00000000000000cb .LASF131
C:\Users\anton\AppData\Local\Temp\ccVISW61.s:2240   .debug_str:0000000000000294 .LASF132
C:\Users\anton\AppData\Local\Temp\ccVISW61.s:2106   .debug_ranges:0000000000000000 .Ldebug_ranges0
C:\Users\anton\AppData\Local\Temp\ccVISW61.s:2112   .debug_line:0000000000000000 .Ldebug_line0
C:\Users\anton\AppData\Local\Temp\ccVISW61.s:2124   .debug_str:000000000000002c .LASF0
C:\Users\anton\AppData\Local\Temp\ccVISW61.s:2272   .debug_str:00000000000003e1 .LASF1
C:\Users\anton\AppData\Local\Temp\ccVISW61.s:2278   .debug_str:00000000000003fd .LASF2
C:\Users\anton\AppData\Local\Temp\ccVISW61.s:2220   .debug_str:0000000000000234 .LASF3
C:\Users\anton\AppData\Local\Temp\ccVISW61.s:2166   .debug_str:000000000000013d .LASF4
C:\Users\anton\AppData\Local\Temp\ccVISW61.s:2214   .debug_str:0000000000000215 .LASF5
C:\Users\anton\AppData\Local\Temp\ccVISW61.s:2148   .debug_str:00000000000000bd .LASF6
C:\Users\anton\AppData\Local\Temp\ccVISW61.s:2134   .debug_str:0000000000000066 .LASF7
C:\Users\anton\AppData\Local\Temp\ccVISW61.s:2206   .debug_str:00000000000001f1 .LASF8
C:\Users\anton\AppData\Local\Temp\ccVISW61.s:2118   .debug_str:0000000000000012 .LASF10
C:\Users\anton\AppData\Local\Temp\ccVISW61.s:2252   .debug_str:000000000000030e .LASF9
C:\Users\anton\AppData\Local\Temp\ccVISW61.s:2234   .debug_str:000000000000027f .LASF11
C:\Users\anton\AppData\Local\Temp\ccVISW61.s:2266   .debug_str:00000000000003be .LASF12
C:\Users\anton\AppData\Local\Temp\ccVISW61.s:2324   .debug_str:00000000000004cf .LASF13
C:\Users\anton\AppData\Local\Temp\ccVISW61.s:2358   .debug_str:0000000000000564 .LASF14
C:\Users\anton\AppData\Local\Temp\ccVISW61.s:2230   .debug_str:0000000000000271 .LASF15
C:\Users\anton\AppData\Local\Temp\ccVISW61.s:2208   .debug_str:00000000000001fe .LASF16
C:\Users\anton\AppData\Local\Temp\ccVISW61.s:2316   .debug_str:00000000000004ad .LASF17
C:\Users\anton\AppData\Local\Temp\ccVISW61.s:2318   .debug_str:00000000000004b5 .LASF18
C:\Users\anton\AppData\Local\Temp\ccVISW61.s:2288   .debug_str:0000000000000425 .LASF19
C:\Users\anton\AppData\Local\Temp\ccVISW61.s:2344   .debug_str:000000000000051a .LASF20
C:\Users\anton\AppData\Local\Temp\ccVISW61.s:2270   .debug_str:00000000000003cf .LASF21
C:\Users\anton\AppData\Local\Temp\ccVISW61.s:2192   .debug_str:00000000000001b4 .LASF22
C:\Users\anton\AppData\Local\Temp\ccVISW61.s:2196   .debug_str:00000000000001c5 .LASF27
C:\Users\anton\AppData\Local\Temp\ccVISW61.s:2336   .debug_str:00000000000004f9 .LASF23
C:\Users\anton\AppData\Local\Temp\ccVISW61.s:2310   .debug_str:0000000000000498 .LASF24
C:\Users\anton\AppData\Local\Temp\ccVISW61.s:2190   .debug_str:00000000000001ae .LASF25
C:\Users\anton\AppData\Local\Temp\ccVISW61.s:2352   .debug_str:000000000000054f .LASF26
C:\Users\anton\AppData\Local\Temp\ccVISW61.s:2204   .debug_str:00000000000001ec .LASF28
C:\Users\anton\AppData\Local\Temp\ccVISW61.s:2146   .debug_str:00000000000000b4 .LASF29
C:\Users\anton\AppData\Local\Temp\ccVISW61.s:2330   .debug_str:00000000000004e3 .LASF30
C:\Users\anton\AppData\Local\Temp\ccVISW61.s:2156   .debug_str:0000000000000110 .LASF31
C:\Users\anton\AppData\Local\Temp\ccVISW61.s:2382   .debug_str:00000000000005cf .LASF32
C:\Users\anton\AppData\Local\Temp\ccVISW61.s:2260   .debug_str:00000000000003a2 .LASF33
C:\Users\anton\AppData\Local\Temp\ccVISW61.s:2246   .debug_str:00000000000002f4 .LASF34
C:\Users\anton\AppData\Local\Temp\ccVISW61.s:2354   .debug_str:0000000000000554 .LASF35
C:\Users\anton\AppData\Local\Temp\ccVISW61.s:2280   .debug_str:0000000000000407 .LASF36
C:\Users\anton\AppData\Local\Temp\ccVISW61.s:2368   .debug_str:000000000000058f .LASF37
C:\Users\anton\AppData\Local\Temp\ccVISW61.s:2160   .debug_str:000000000000011f .LASF38
C:\Users\anton\AppData\Local\Temp\ccVISW61.s:2186   .debug_str:00000000000001a1 .LASF39
GAS LISTING C:\Users\anton\AppData\Local\Temp\ccVISW61.s 			page 4


C:\Users\anton\AppData\Local\Temp\ccVISW61.s:2114   .debug_str:0000000000000000 .LASF40
C:\Users\anton\AppData\Local\Temp\ccVISW61.s:2340   .debug_str:000000000000050c .LASF41
C:\Users\anton\AppData\Local\Temp\ccVISW61.s:2170   .debug_str:000000000000014d .LASF42
C:\Users\anton\AppData\Local\Temp\ccVISW61.s:2262   .debug_str:00000000000003ab .LASF43
C:\Users\anton\AppData\Local\Temp\ccVISW61.s:2302   .debug_str:0000000000000468 .LASF44
C:\Users\anton\AppData\Local\Temp\ccVISW61.s:2188   .debug_str:00000000000001a9 .LASF45
C:\Users\anton\AppData\Local\Temp\ccVISW61.s:2282   .debug_str:0000000000000411 .LASF46
C:\Users\anton\AppData\Local\Temp\ccVISW61.s:2154   .debug_str:000000000000010a .LASF47
C:\Users\anton\AppData\Local\Temp\ccVISW61.s:2116   .debug_str:000000000000000c .LASF48
C:\Users\anton\AppData\Local\Temp\ccVISW61.s:2290   .debug_str:0000000000000430 .LASF49
C:\Users\anton\AppData\Local\Temp\ccVISW61.s:2168   .debug_str:0000000000000146 .LASF50
C:\Users\anton\AppData\Local\Temp\ccVISW61.s:2216   .debug_str:0000000000000227 .LASF51
C:\Users\anton\AppData\Local\Temp\ccVISW61.s:2136   .debug_str:000000000000007d .LASF52
C:\Users\anton\AppData\Local\Temp\ccVISW61.s:2162   .debug_str:000000000000012d .LASF53
C:\Users\anton\AppData\Local\Temp\ccVISW61.s:2200   .debug_str:00000000000001dc .LASF54
C:\Users\anton\AppData\Local\Temp\ccVISW61.s:2244   .debug_str:00000000000002ed .LASF55
C:\Users\anton\AppData\Local\Temp\ccVISW61.s:2320   .debug_str:00000000000004bd .LASF56
C:\Users\anton\AppData\Local\Temp\ccVISW61.s:2372   .debug_str:00000000000005a9 .LASF57
C:\Users\anton\AppData\Local\Temp\ccVISW61.s:2152   .debug_str:0000000000000104 .LASF58
C:\Users\anton\AppData\Local\Temp\ccVISW61.s:2364   .debug_str:0000000000000581 .LASF59
C:\Users\anton\AppData\Local\Temp\ccVISW61.s:2174   .debug_str:000000000000015c .LASF60
C:\Users\anton\AppData\Local\Temp\ccVISW61.s:2180   .debug_str:000000000000017a .LASF61
C:\Users\anton\AppData\Local\Temp\ccVISW61.s:2128   .debug_str:0000000000000040 .LASF62
C:\Users\anton\AppData\Local\Temp\ccVISW61.s:2236   .debug_str:0000000000000286 .LASF63
C:\Users\anton\AppData\Local\Temp\ccVISW61.s:2294   .debug_str:0000000000000442 .LASF64
C:\Users\anton\AppData\Local\Temp\ccVISW61.s:2238   .debug_str:000000000000028c .LASF65
C:\Users\anton\AppData\Local\Temp\ccVISW61.s:2312   .debug_str:00000000000004a0 .LASF66
C:\Users\anton\AppData\Local\Temp\ccVISW61.s:2326   .debug_str:00000000000004d7 .LASF67
C:\Users\anton\AppData\Local\Temp\ccVISW61.s:2172   .debug_str:0000000000000155 .LASF68
C:\Users\anton\AppData\Local\Temp\ccVISW61.s:2210   .debug_str:0000000000000205 .LASF69
C:\Users\anton\AppData\Local\Temp\ccVISW61.s:2194   .debug_str:00000000000001bd .LASF70
C:\Users\anton\AppData\Local\Temp\ccVISW61.s:2300   .debug_str:0000000000000463 .LASF71
C:\Users\anton\AppData\Local\Temp\ccVISW61.s:2122   .debug_str:0000000000000021 .LASF72
C:\Users\anton\AppData\Local\Temp\ccVISW61.s:2308   .debug_str:000000000000047f .LASF73
C:\Users\anton\AppData\Local\Temp\ccVISW61.s:2304   .debug_str:000000000000046d .LASF74
C:\Users\anton\AppData\Local\Temp\ccVISW61.s:2264   .debug_str:00000000000003b3 .LASF75
C:\Users\anton\AppData\Local\Temp\ccVISW61.s:2306   .debug_str:0000000000000475 .LASF76
C:\Users\anton\AppData\Local\Temp\ccVISW61.s:2228   .debug_str:0000000000000269 .LASF77
C:\Users\anton\AppData\Local\Temp\ccVISW61.s:2202   .debug_str:00000000000001e2 .LASF78
C:\Users\anton\AppData\Local\Temp\ccVISW61.s:2380   .debug_str:00000000000005ca .LASF79
C:\Users\anton\AppData\Local\Temp\ccVISW61.s:2268   .debug_str:00000000000003c5 .LASF80
C:\Users\anton\AppData\Local\Temp\ccVISW61.s:2212   .debug_str:000000000000020d .LASF81
C:\Users\anton\AppData\Local\Temp\ccVISW61.s:2178   .debug_str:0000000000000172 .LASF82
C:\Users\anton\AppData\Local\Temp\ccVISW61.s:2274   .debug_str:00000000000003ef .LASF83
C:\Users\anton\AppData\Local\Temp\ccVISW61.s:2222   .debug_str:0000000000000247 .LASF84
C:\Users\anton\AppData\Local\Temp\ccVISW61.s:2362   .debug_str:0000000000000577 .LASF85
C:\Users\anton\AppData\Local\Temp\ccVISW61.s:2164   .debug_str:0000000000000135 .LASF86
C:\Users\anton\AppData\Local\Temp\ccVISW61.s:2158   .debug_str:000000000000011a .LASF87
C:\Users\anton\AppData\Local\Temp\ccVISW61.s:2328   .debug_str:00000000000004de .LASF88
C:\Users\anton\AppData\Local\Temp\ccVISW61.s:2286   .debug_str:000000000000041e .LASF89
C:\Users\anton\AppData\Local\Temp\ccVISW61.s:2356   .debug_str:000000000000055e .LASF90
C:\Users\anton\AppData\Local\Temp\ccVISW61.s:2218   .debug_str:000000000000022d .LASF91
C:\Users\anton\AppData\Local\Temp\ccVISW61.s:2284   .debug_str:0000000000000418 .LASF92
C:\Users\anton\AppData\Local\Temp\ccVISW61.s:2120   .debug_str:0000000000000019 .LASF93
C:\Users\anton\AppData\Local\Temp\ccVISW61.s:2314   .debug_str:00000000000004a7 .LASF94
C:\Users\anton\AppData\Local\Temp\ccVISW61.s:2334   .debug_str:00000000000004f3 .LASF95
C:\Users\anton\AppData\Local\Temp\ccVISW61.s:2342   .debug_str:0000000000000515 .LASF96
GAS LISTING C:\Users\anton\AppData\Local\Temp\ccVISW61.s 			page 5


C:\Users\anton\AppData\Local\Temp\ccVISW61.s:2350   .debug_str:0000000000000542 .LASF97
C:\Users\anton\AppData\Local\Temp\ccVISW61.s:2338   .debug_str:00000000000004ff .LASF98
C:\Users\anton\AppData\Local\Temp\ccVISW61.s:2226   .debug_str:000000000000025c .LASF99
C:\Users\anton\AppData\Local\Temp\ccVISW61.s:2370   .debug_str:000000000000059a .LASF100
C:\Users\anton\AppData\Local\Temp\ccVISW61.s:2198   .debug_str:00000000000001cd .LASF101
C:\Users\anton\AppData\Local\Temp\ccVISW61.s:2296   .debug_str:000000000000044b .LASF102
C:\Users\anton\AppData\Local\Temp\ccVISW61.s:2374   .debug_str:00000000000005b0 .LASF103
C:\Users\anton\AppData\Local\Temp\ccVISW61.s:2298   .debug_str:0000000000000456 .LASF104
C:\Users\anton\AppData\Local\Temp\ccVISW61.s:2378   .debug_str:00000000000005bc .LASF105
C:\Users\anton\AppData\Local\Temp\ccVISW61.s:2144   .debug_str:00000000000000a6 .LASF106
C:\Users\anton\AppData\Local\Temp\ccVISW61.s:2360   .debug_str:000000000000056d .LASF107
C:\Users\anton\AppData\Local\Temp\ccVISW61.s:2224   .debug_str:0000000000000250 .LASF108
C:\Users\anton\AppData\Local\Temp\ccVISW61.s:2346   .debug_str:0000000000000522 .LASF109
C:\Users\anton\AppData\Local\Temp\ccVISW61.s:2184   .debug_str:0000000000000193 .LASF110
C:\Users\anton\AppData\Local\Temp\ccVISW61.s:2142   .debug_str:0000000000000097 .LASF111
C:\Users\anton\AppData\Local\Temp\ccVISW61.s:2182   .debug_str:0000000000000182 .LASF112
C:\Users\anton\AppData\Local\Temp\ccVISW61.s:2130   .debug_str:0000000000000046 .LASF113
C:\Users\anton\AppData\Local\Temp\ccVISW61.s:2132   .debug_str:0000000000000055 .LASF114
C:\Users\anton\AppData\Local\Temp\ccVISW61.s:2276   .debug_str:00000000000003f4 .LASF115
C:\Users\anton\AppData\Local\Temp\ccVISW61.s:2256   .debug_str:0000000000000321 .LASF116
C:\Users\anton\AppData\Local\Temp\ccVISW61.s:2248   .debug_str:00000000000002fe .LASF117
C:\Users\anton\AppData\Local\Temp\ccVISW61.s:2366   .debug_str:0000000000000587 .LASF118
C:\Users\anton\AppData\Local\Temp\ccVISW61.s:2138   .debug_str:0000000000000086 .LASF133
C:\Users\anton\AppData\Local\Temp\ccVISW61.s:2322   .debug_str:00000000000004c3 .LASF119
C:\Users\anton\AppData\Local\Temp\ccVISW61.s:2348   .debug_str:000000000000052f .LASF120
C:\Users\anton\AppData\Local\Temp\ccVISW61.s:2176   .debug_str:0000000000000165 .LASF121
C:\Users\anton\AppData\Local\Temp\ccVISW61.s:2292   .debug_str:0000000000000438 .LASF122
C:\Users\anton\AppData\Local\Temp\ccVISW61.s:2126   .debug_str:0000000000000038 .LASF123
C:\Users\anton\AppData\Local\Temp\ccVISW61.s:2232   .debug_str:0000000000000277 .LASF124
C:\Users\anton\AppData\Local\Temp\ccVISW61.s:2250   .debug_str:0000000000000307 .LASF125
C:\Users\anton\AppData\Local\Temp\ccVISW61.s:2254   .debug_str:000000000000031a .LASF126
C:\Users\anton\AppData\Local\Temp\ccVISW61.s:2332   .debug_str:00000000000004ec .LASF127
C:\Users\anton\AppData\Local\Temp\ccVISW61.s:2376   .debug_str:00000000000005b5 .LASF128
C:\Users\anton\AppData\Local\Temp\ccVISW61.s:2242   .debug_str:00000000000002e4 .LASF129
C:\Users\anton\AppData\Local\Temp\ccVISW61.s:14     .text._read:0000000000000000 .LFB1
C:\Users\anton\AppData\Local\Temp\ccVISW61.s:27     .text._read:0000000000000004 .LFE1
C:\Users\anton\AppData\Local\Temp\ccVISW61.s:2079   .debug_loc:0000000000000000 .LLST0
C:\Users\anton\AppData\Local\Temp\ccVISW61.s:2140   .debug_str:0000000000000091 .LASF134
C:\Users\anton\AppData\Local\Temp\ccVISW61.s:18     .text._read:0000000000000000 .LVL0
C:\Users\anton\AppData\Local\Temp\ccVISW61.s:24     .text._read:0000000000000002 .LVL1
C:\Users\anton\AppData\Local\Temp\ccVISW61.s:39     .debug_info:0000000000000000 .Ldebug_info0

NO UNDEFINED SYMBOLS
